#
# A fatal error has been detected by the Java Runtime Environment:
#
#  EXCEPTION_ACCESS_VIOLATION (0xc0000005) at pc=0x0000000010014ed4, pid=5624, tid=9836
#
# JRE version: Java(TM) SE Runtime Environment (12.0.1+12) (build 12.0.1+12)
# Java VM: Java HotSpot(TM) 64-Bit Server VM (12.0.1+12, mixed mode, sharing, tiered, compressed oops, g1 gc, windows-amd64)
# Problematic frame:
# C  [sigar-amd64-winnt.dll+0x14ed4]
#
# No core dump will be written. Minidumps are not enabled by default on client versions of Windows
#
# If you would like to submit a bug report, please visit:
#   http://bugreport.java.com/bugreport/crash.jsp
# The crash happened outside the Java Virtual Machine in native code.
# See problematic frame for where to report the bug.
#

---------------  S U M M A R Y ------------

Command Line: -javaagent:C:\Program Files\JetBrains\IntelliJ IDEA Community Edition 2019.1.3\lib\idea_rt.jar=49809:C:\Program Files\JetBrains\IntelliJ IDEA Community Edition 2019.1.3\bin -Dfile.encoding=UTF-8 udp.Server

Host: Intel(R) Core(TM) i7-4790 CPU @ 3.60GHz, 8 cores, 7G,  Windows 10 , 64 bit Build 18362 (10.0.18362.86)
Time: Thu Jun 13 18:25:21 2019 Central Daylight Time (Mexico) elapsed time: 5 seconds (0d 0h 0m 5s)

---------------  T H R E A D  ---------------

Current thread (0x000002065e7f8800):  JavaThread "Thread-0" [_thread_in_native, id=9836, stack(0x0000005b58400000,0x0000005b58500000)]

Stack: [0x0000005b58400000,0x0000005b58500000],  sp=0x0000005b584feb30,  free space=1018k
Native frames: (J=compiled Java code, j=interpreted, Vv=VM code, C=native code)
C  [sigar-amd64-winnt.dll+0x14ed4]

Java frames: (J=compiled Java code, j=interpreted, Vv=VM code)
j  org.hyperic.sigar.Mem.gather(Lorg/hyperic/sigar/Sigar;)V+0
j  org.hyperic.sigar.Mem.fetch(Lorg/hyperic/sigar/Sigar;)Lorg/hyperic/sigar/Mem;+10
j  org.hyperic.sigar.Sigar.getMem()Lorg/hyperic/sigar/Mem;+1
j  udp.UDP_Server.datos(Ljavax/swing/JTable;)Ljava/util/ArrayList;+18
j  udp.UDP_Server.servidor(Ljavax/swing/JTable;)V+2
j  udp.UDP_Server.lambda$iniciar$0(Ljavax/swing/JTable;)V+2
j  udp.UDP_Server$$Lambda$148.run()V+8
j  java.lang.Thread.run()V+11 java.base@12.0.1
v  ~StubRoutines::call_stub

siginfo: EXCEPTION_ACCESS_VIOLATION (0xc0000005), reading address 0x0000000060d40d88


Register to memory mapping:

RIP=0x0000000010014ed4 sigar-amd64-winnt.dll
RAX=0x0000000060d40c50 is an unknown value
RBX={method} {0x000002065f747360} 'gather' '(Lorg/hyperic/sigar/Sigar;)V' in 'org/hyperic/sigar/Mem'
RCX=0x000002065e7f8800 is a thread
RDX=0x0000000000000006 is an unknown value
RSP=0x0000005b584feb30 is pointing into the stack for thread: 0x000002065e7f8800
RBP=0x0000005b584fecb8 is pointing into the stack for thread: 0x000002065e7f8800
RSI=0x0000000000200021 is an unknown value
RDI=0x0000000000000019 is an unknown value
R8 =0x0000000000000004 is an unknown value
R9 =0x0000000801209d28 is a pointer to class: 
org.hyperic.sigar.Sigar {0x0000000801209d30}
R10=0x00007ffd269ab800 jvm.dll
R11=0x000000000000000c is an unknown value
R12=0x0 is NULL
R13=0x000002065f747350 is pointing into metadata
R14=0x0000005b584fece0 is pointing into the stack for thread: 0x000002065e7f8800
R15=0x000002065e7f8800 is a thread


Registers:
RAX=0x0000000060d40c50, RBX=0x000002065f747358, RCX=0x000002065e7f8800, RDX=0x0000000000000006
RSP=0x0000005b584feb30, RBP=0x0000005b584fecb8, RSI=0x0000000000200021, RDI=0x0000000000000019
R8 =0x0000000000000004, R9 =0x0000000801209d28, R10=0x00007ffd269ab800, R11=0x000000000000000c
R12=0x0000000000000000, R13=0x000002065f747350, R14=0x0000005b584fece0, R15=0x000002065e7f8800
RIP=0x0000000010014ed4, EFLAGS=0x0000000000010206

Top of Stack: (sp=0x0000005b584feb30)
0x0000005b584feb30:   000002065e7f8b30 0000005b584fecd8
0x0000005b584feb40:   000002065e7f8800 0000000000000000
0x0000005b584feb50:   0000000060d40c50 000002065e5d3d30
0x0000005b584feb60:   0000005b584fece0 000000001001cdb1
0x0000005b584feb70:   000002065e7f8b30 0000005b584fecd8
0x0000005b584feb80:   0000000000200021 0000000000000019
0x0000005b584feb90:   000002065f747350 00007ffd2674e699
0x0000005b584feba0:   0000000000000019 0000005b584fece0
0x0000005b584febb0:   000002065f747350 000002065e7f8800
0x0000005b584febc0:   000002065e5d43b0 00007ffd269568c3
0x0000005b584febd0:   0000005b584ff320 000002065e3fcaa0
0x0000005b584febe0:   0000000000200021 0000000000200021
0x0000005b584febf0:   000002065f747358 000002065e7f8800
0x0000005b584fec00:   0000000000000019 0000020646ddef40
0x0000005b584fec10:   0000005b584ff300 000002065f747358
0x0000005b584fec20:   000002065e7f8800 00000000000000b5 

Instructions: (pc=0x0000000010014ed4)
0x0000000010014eb4:   7c 24 20 00 75 15 48 8d 15 df 58 04 00 48 8b 4c
0x0000000010014ec4:   24 40 e8 45 00 00 00 33 c0 eb 32 48 8b 44 24 20
0x0000000010014ed4:   83 b8 38 01 00 00 00 74 1f 48 8b 44 24 20 44 8b
0x0000000010014ee4:   80 38 01 00 00 48 8b 54 24 20 48 8b 4c 24 40 e8 


Stack slot to memory mapping:
stack at sp + 0 slots: 0x000002065e7f8b30 points into unknown readable memory: e0 1d fd 26 fd 7f 00 00
stack at sp + 1 slots: 0x0000005b584fecd8 is pointing into the stack for thread: 0x000002065e7f8800
stack at sp + 2 slots: 0x000002065e7f8800 is a thread
stack at sp + 3 slots: 0x0 is NULL
stack at sp + 4 slots: 0x0000000060d40c50 is an unknown value
stack at sp + 5 slots: 0x000002065e5d3d30 points into unknown readable memory: 02 00 00 00 5f 73 75 6e
stack at sp + 6 slots: 0x0000005b584fece0 is pointing into the stack for thread: 0x000002065e7f8800
stack at sp + 7 slots: 0x000000001001cdb1 sigar-amd64-winnt.dll


---------------  P R O C E S S  ---------------

Threads class SMR info:
_java_thread_list=0x000002065eac7d30, length=16, elements={
0x000002065d69f800, 0x000002065d6a3000, 0x000002065d6bc800, 0x000002065d6bd800,
0x000002065d6c3000, 0x000002065d6c1000, 0x000002065d6ed800, 0x000002065d685000,
0x000002065e1c0800, 0x000002065e1c3800, 0x000002065e570800, 0x000002065e577800,
0x000002065e3e5800, 0x000002065e614000, 0x000002063e9c7000, 0x000002065e7f8800
}

Java Threads: ( => current thread )
  0x000002065d69f800 JavaThread "Reference Handler" daemon [_thread_blocked, id=9724, stack(0x0000005b57500000,0x0000005b57600000)]
  0x000002065d6a3000 JavaThread "Finalizer" daemon [_thread_blocked, id=9604, stack(0x0000005b57600000,0x0000005b57700000)]
  0x000002065d6bc800 JavaThread "Signal Dispatcher" daemon [_thread_blocked, id=9660, stack(0x0000005b57700000,0x0000005b57800000)]
  0x000002065d6bd800 JavaThread "Attach Listener" daemon [_thread_blocked, id=9616, stack(0x0000005b57800000,0x0000005b57900000)]
  0x000002065d6c3000 JavaThread "C2 CompilerThread0" daemon [_thread_blocked, id=9600, stack(0x0000005b57900000,0x0000005b57a00000)]
  0x000002065d6c1000 JavaThread "C1 CompilerThread0" daemon [_thread_blocked, id=9584, stack(0x0000005b57a00000,0x0000005b57b00000)]
  0x000002065d6ed800 JavaThread "Sweeper thread" daemon [_thread_blocked, id=9580, stack(0x0000005b57b00000,0x0000005b57c00000)]
  0x000002065d685000 JavaThread "Common-Cleaner" daemon [_thread_blocked, id=9572, stack(0x0000005b57c00000,0x0000005b57d00000)]
  0x000002065e1c0800 JavaThread "Monitor Ctrl-Break" daemon [_thread_in_native, id=9472, stack(0x0000005b57e00000,0x0000005b57f00000)]
  0x000002065e1c3800 JavaThread "Service Thread" daemon [_thread_blocked, id=9488, stack(0x0000005b57f00000,0x0000005b58000000)]
  0x000002065e570800 JavaThread "Java2D Disposer" daemon [_thread_blocked, id=9968, stack(0x0000005b57d00000,0x0000005b57e00000)]
  0x000002065e577800 JavaThread "AWT-Windows" daemon [_thread_in_native, id=6540, stack(0x0000005b58200000,0x0000005b58300000)]
  0x000002065e3e5800 JavaThread "AWT-Shutdown" [_thread_blocked, id=8312, stack(0x0000005b58100000,0x0000005b58200000)]
  0x000002065e614000 JavaThread "AWT-EventQueue-0" [_thread_in_vm, id=8308, stack(0x0000005b58300000,0x0000005b58400000)]
  0x000002063e9c7000 JavaThread "DestroyJavaVM" [_thread_blocked, id=5764, stack(0x0000005b56e00000,0x0000005b56f00000)]
=>0x000002065e7f8800 JavaThread "Thread-0" [_thread_in_native, id=9836, stack(0x0000005b58400000,0x0000005b58500000)]

Other Threads:
  0x000002065d69b800 VMThread "VM Thread" [stack: 0x0000005b57400000,0x0000005b57500000] [id=9736]
  0x000002065e1c5800 WatcherThread [stack: 0x0000005b58000000,0x0000005b58100000] [id=9492]
  0x000002063ea05800 GCTaskThread "GC Thread#0" [stack: 0x0000005b56f00000,0x0000005b57000000] [id=9888]
  0x000002063ea14000 ConcurrentGCThread "G1 Main Marker" [stack: 0x0000005b57000000,0x0000005b57100000] [id=9880]
  0x000002063ea17000 ConcurrentGCThread "G1 Conc#0" [stack: 0x0000005b57100000,0x0000005b57200000] [id=9872]
  0x000002065d520800 ConcurrentGCThread "G1 Refine#0" [stack: 0x0000005b57200000,0x0000005b57300000] [id=9744]
  0x000002065d521800 ConcurrentGCThread "G1 Young RemSet Sampling" [stack: 0x0000005b57300000,0x0000005b57400000] [id=9740]

Threads with active compile tasks:

VM state:not at safepoint (normal execution)

VM Mutex/Monitor currently owned by a thread: None

Heap address: 0x0000000081600000, size: 2026 MB, Compressed Oops mode: 32-bit
Narrow klass base: 0x0000000800000000, Narrow klass shift: 3
Compressed class space size: 1073741824 Address: 0x00000008011a0000

Heap:
 garbage-first heap   total 131072K, used 11264K [0x0000000081600000, 0x0000000100000000)
  region size 1024K, 11 young (11264K), 0 survivors (0K)
 Metaspace       used 10567K, capacity 10923K, committed 11008K, reserved 1058816K
  class space    used 1291K, capacity 1452K, committed 1536K, reserved 1048576K
Heap Regions: E=young(eden), S=young(survivor), O=old, HS=humongous(starts), HC=humongous(continues), CS=collection set, F=free, A=archive, TAMS=top-at-mark-start (previous, next)
|   0|0x0000000081600000, 0x0000000081700000, 0x0000000081700000|100%|HS|  |TAMS 0x0000000081600000, 0x0000000081600000| Complete 
|   1|0x0000000081700000, 0x0000000081800000, 0x0000000081800000|100%|HC|  |TAMS 0x0000000081700000, 0x0000000081700000| Complete 
|   2|0x0000000081800000, 0x0000000081800000, 0x0000000081900000|  0%| F|  |TAMS 0x0000000081800000, 0x0000000081800000| Untracked 
|   3|0x0000000081900000, 0x0000000081900000, 0x0000000081a00000|  0%| F|  |TAMS 0x0000000081900000, 0x0000000081900000| Untracked 
|   4|0x0000000081a00000, 0x0000000081a00000, 0x0000000081b00000|  0%| F|  |TAMS 0x0000000081a00000, 0x0000000081a00000| Untracked 
|   5|0x0000000081b00000, 0x0000000081b00000, 0x0000000081c00000|  0%| F|  |TAMS 0x0000000081b00000, 0x0000000081b00000| Untracked 
|   6|0x0000000081c00000, 0x0000000081c00000, 0x0000000081d00000|  0%| F|  |TAMS 0x0000000081c00000, 0x0000000081c00000| Untracked 
|   7|0x0000000081d00000, 0x0000000081d00000, 0x0000000081e00000|  0%| F|  |TAMS 0x0000000081d00000, 0x0000000081d00000| Untracked 
|   8|0x0000000081e00000, 0x0000000081e00000, 0x0000000081f00000|  0%| F|  |TAMS 0x0000000081e00000, 0x0000000081e00000| Untracked 
|   9|0x0000000081f00000, 0x0000000081f00000, 0x0000000082000000|  0%| F|  |TAMS 0x0000000081f00000, 0x0000000081f00000| Untracked 
|  10|0x0000000082000000, 0x0000000082000000, 0x0000000082100000|  0%| F|  |TAMS 0x0000000082000000, 0x0000000082000000| Untracked 
|  11|0x0000000082100000, 0x0000000082100000, 0x0000000082200000|  0%| F|  |TAMS 0x0000000082100000, 0x0000000082100000| Untracked 
|  12|0x0000000082200000, 0x0000000082200000, 0x0000000082300000|  0%| F|  |TAMS 0x0000000082200000, 0x0000000082200000| Untracked 
|  13|0x0000000082300000, 0x0000000082300000, 0x0000000082400000|  0%| F|  |TAMS 0x0000000082300000, 0x0000000082300000| Untracked 
|  14|0x0000000082400000, 0x0000000082400000, 0x0000000082500000|  0%| F|  |TAMS 0x0000000082400000, 0x0000000082400000| Untracked 
|  15|0x0000000082500000, 0x0000000082500000, 0x0000000082600000|  0%| F|  |TAMS 0x0000000082500000, 0x0000000082500000| Untracked 
|  16|0x0000000082600000, 0x0000000082600000, 0x0000000082700000|  0%| F|  |TAMS 0x0000000082600000, 0x0000000082600000| Untracked 
|  17|0x0000000082700000, 0x0000000082700000, 0x0000000082800000|  0%| F|  |TAMS 0x0000000082700000, 0x0000000082700000| Untracked 
|  18|0x0000000082800000, 0x0000000082800000, 0x0000000082900000|  0%| F|  |TAMS 0x0000000082800000, 0x0000000082800000| Untracked 
|  19|0x0000000082900000, 0x0000000082900000, 0x0000000082a00000|  0%| F|  |TAMS 0x0000000082900000, 0x0000000082900000| Untracked 
|  20|0x0000000082a00000, 0x0000000082a00000, 0x0000000082b00000|  0%| F|  |TAMS 0x0000000082a00000, 0x0000000082a00000| Untracked 
|  21|0x0000000082b00000, 0x0000000082b00000, 0x0000000082c00000|  0%| F|  |TAMS 0x0000000082b00000, 0x0000000082b00000| Untracked 
|  22|0x0000000082c00000, 0x0000000082c00000, 0x0000000082d00000|  0%| F|  |TAMS 0x0000000082c00000, 0x0000000082c00000| Untracked 
|  23|0x0000000082d00000, 0x0000000082d00000, 0x0000000082e00000|  0%| F|  |TAMS 0x0000000082d00000, 0x0000000082d00000| Untracked 
|  24|0x0000000082e00000, 0x0000000082e00000, 0x0000000082f00000|  0%| F|  |TAMS 0x0000000082e00000, 0x0000000082e00000| Untracked 
|  25|0x0000000082f00000, 0x0000000082f00000, 0x0000000083000000|  0%| F|  |TAMS 0x0000000082f00000, 0x0000000082f00000| Untracked 
|  26|0x0000000083000000, 0x0000000083000000, 0x0000000083100000|  0%| F|  |TAMS 0x0000000083000000, 0x0000000083000000| Untracked 
|  27|0x0000000083100000, 0x0000000083100000, 0x0000000083200000|  0%| F|  |TAMS 0x0000000083100000, 0x0000000083100000| Untracked 
|  28|0x0000000083200000, 0x0000000083200000, 0x0000000083300000|  0%| F|  |TAMS 0x0000000083200000, 0x0000000083200000| Untracked 
|  29|0x0000000083300000, 0x0000000083300000, 0x0000000083400000|  0%| F|  |TAMS 0x0000000083300000, 0x0000000083300000| Untracked 
|  30|0x0000000083400000, 0x0000000083400000, 0x0000000083500000|  0%| F|  |TAMS 0x0000000083400000, 0x0000000083400000| Untracked 
|  31|0x0000000083500000, 0x0000000083500000, 0x0000000083600000|  0%| F|  |TAMS 0x0000000083500000, 0x0000000083500000| Untracked 
|  32|0x0000000083600000, 0x0000000083600000, 0x0000000083700000|  0%| F|  |TAMS 0x0000000083600000, 0x0000000083600000| Untracked 
|  33|0x0000000083700000, 0x0000000083700000, 0x0000000083800000|  0%| F|  |TAMS 0x0000000083700000, 0x0000000083700000| Untracked 
|  34|0x0000000083800000, 0x0000000083800000, 0x0000000083900000|  0%| F|  |TAMS 0x0000000083800000, 0x0000000083800000| Untracked 
|  35|0x0000000083900000, 0x0000000083900000, 0x0000000083a00000|  0%| F|  |TAMS 0x0000000083900000, 0x0000000083900000| Untracked 
|  36|0x0000000083a00000, 0x0000000083a00000, 0x0000000083b00000|  0%| F|  |TAMS 0x0000000083a00000, 0x0000000083a00000| Untracked 
|  37|0x0000000083b00000, 0x0000000083b00000, 0x0000000083c00000|  0%| F|  |TAMS 0x0000000083b00000, 0x0000000083b00000| Untracked 
|  38|0x0000000083c00000, 0x0000000083c00000, 0x0000000083d00000|  0%| F|  |TAMS 0x0000000083c00000, 0x0000000083c00000| Untracked 
|  39|0x0000000083d00000, 0x0000000083d00000, 0x0000000083e00000|  0%| F|  |TAMS 0x0000000083d00000, 0x0000000083d00000| Untracked 
|  40|0x0000000083e00000, 0x0000000083e00000, 0x0000000083f00000|  0%| F|  |TAMS 0x0000000083e00000, 0x0000000083e00000| Untracked 
|  41|0x0000000083f00000, 0x0000000083f00000, 0x0000000084000000|  0%| F|  |TAMS 0x0000000083f00000, 0x0000000083f00000| Untracked 
|  42|0x0000000084000000, 0x0000000084000000, 0x0000000084100000|  0%| F|  |TAMS 0x0000000084000000, 0x0000000084000000| Untracked 
|  43|0x0000000084100000, 0x0000000084100000, 0x0000000084200000|  0%| F|  |TAMS 0x0000000084100000, 0x0000000084100000| Untracked 
|  44|0x0000000084200000, 0x0000000084200000, 0x0000000084300000|  0%| F|  |TAMS 0x0000000084200000, 0x0000000084200000| Untracked 
|  45|0x0000000084300000, 0x0000000084300000, 0x0000000084400000|  0%| F|  |TAMS 0x0000000084300000, 0x0000000084300000| Untracked 
|  46|0x0000000084400000, 0x0000000084400000, 0x0000000084500000|  0%| F|  |TAMS 0x0000000084400000, 0x0000000084400000| Untracked 
|  47|0x0000000084500000, 0x0000000084500000, 0x0000000084600000|  0%| F|  |TAMS 0x0000000084500000, 0x0000000084500000| Untracked 
|  48|0x0000000084600000, 0x0000000084600000, 0x0000000084700000|  0%| F|  |TAMS 0x0000000084600000, 0x0000000084600000| Untracked 
|  49|0x0000000084700000, 0x0000000084700000, 0x0000000084800000|  0%| F|  |TAMS 0x0000000084700000, 0x0000000084700000| Untracked 
|  50|0x0000000084800000, 0x0000000084800000, 0x0000000084900000|  0%| F|  |TAMS 0x0000000084800000, 0x0000000084800000| Untracked 
|  51|0x0000000084900000, 0x0000000084900000, 0x0000000084a00000|  0%| F|  |TAMS 0x0000000084900000, 0x0000000084900000| Untracked 
|  52|0x0000000084a00000, 0x0000000084a00000, 0x0000000084b00000|  0%| F|  |TAMS 0x0000000084a00000, 0x0000000084a00000| Untracked 
|  53|0x0000000084b00000, 0x0000000084b00000, 0x0000000084c00000|  0%| F|  |TAMS 0x0000000084b00000, 0x0000000084b00000| Untracked 
|  54|0x0000000084c00000, 0x0000000084c00000, 0x0000000084d00000|  0%| F|  |TAMS 0x0000000084c00000, 0x0000000084c00000| Untracked 
|  55|0x0000000084d00000, 0x0000000084d00000, 0x0000000084e00000|  0%| F|  |TAMS 0x0000000084d00000, 0x0000000084d00000| Untracked 
|  56|0x0000000084e00000, 0x0000000084e00000, 0x0000000084f00000|  0%| F|  |TAMS 0x0000000084e00000, 0x0000000084e00000| Untracked 
|  57|0x0000000084f00000, 0x0000000084f00000, 0x0000000085000000|  0%| F|  |TAMS 0x0000000084f00000, 0x0000000084f00000| Untracked 
|  58|0x0000000085000000, 0x0000000085000000, 0x0000000085100000|  0%| F|  |TAMS 0x0000000085000000, 0x0000000085000000| Untracked 
|  59|0x0000000085100000, 0x0000000085100000, 0x0000000085200000|  0%| F|  |TAMS 0x0000000085100000, 0x0000000085100000| Untracked 
|  60|0x0000000085200000, 0x0000000085200000, 0x0000000085300000|  0%| F|  |TAMS 0x0000000085200000, 0x0000000085200000| Untracked 
|  61|0x0000000085300000, 0x0000000085300000, 0x0000000085400000|  0%| F|  |TAMS 0x0000000085300000, 0x0000000085300000| Untracked 
|  62|0x0000000085400000, 0x0000000085400000, 0x0000000085500000|  0%| F|  |TAMS 0x0000000085400000, 0x0000000085400000| Untracked 
|  63|0x0000000085500000, 0x0000000085500000, 0x0000000085600000|  0%| F|  |TAMS 0x0000000085500000, 0x0000000085500000| Untracked 
|  64|0x0000000085600000, 0x0000000085600000, 0x0000000085700000|  0%| F|  |TAMS 0x0000000085600000, 0x0000000085600000| Untracked 
|  65|0x0000000085700000, 0x0000000085700000, 0x0000000085800000|  0%| F|  |TAMS 0x0000000085700000, 0x0000000085700000| Untracked 
|  66|0x0000000085800000, 0x0000000085800000, 0x0000000085900000|  0%| F|  |TAMS 0x0000000085800000, 0x0000000085800000| Untracked 
|  67|0x0000000085900000, 0x0000000085900000, 0x0000000085a00000|  0%| F|  |TAMS 0x0000000085900000, 0x0000000085900000| Untracked 
|  68|0x0000000085a00000, 0x0000000085a00000, 0x0000000085b00000|  0%| F|  |TAMS 0x0000000085a00000, 0x0000000085a00000| Untracked 
|  69|0x0000000085b00000, 0x0000000085b00000, 0x0000000085c00000|  0%| F|  |TAMS 0x0000000085b00000, 0x0000000085b00000| Untracked 
|  70|0x0000000085c00000, 0x0000000085c00000, 0x0000000085d00000|  0%| F|  |TAMS 0x0000000085c00000, 0x0000000085c00000| Untracked 
|  71|0x0000000085d00000, 0x0000000085d00000, 0x0000000085e00000|  0%| F|  |TAMS 0x0000000085d00000, 0x0000000085d00000| Untracked 
|  72|0x0000000085e00000, 0x0000000085e00000, 0x0000000085f00000|  0%| F|  |TAMS 0x0000000085e00000, 0x0000000085e00000| Untracked 
|  73|0x0000000085f00000, 0x0000000085f00000, 0x0000000086000000|  0%| F|  |TAMS 0x0000000085f00000, 0x0000000085f00000| Untracked 
|  74|0x0000000086000000, 0x0000000086000000, 0x0000000086100000|  0%| F|  |TAMS 0x0000000086000000, 0x0000000086000000| Untracked 
|  75|0x0000000086100000, 0x0000000086100000, 0x0000000086200000|  0%| F|  |TAMS 0x0000000086100000, 0x0000000086100000| Untracked 
|  76|0x0000000086200000, 0x0000000086200000, 0x0000000086300000|  0%| F|  |TAMS 0x0000000086200000, 0x0000000086200000| Untracked 
|  77|0x0000000086300000, 0x0000000086300000, 0x0000000086400000|  0%| F|  |TAMS 0x0000000086300000, 0x0000000086300000| Untracked 
|  78|0x0000000086400000, 0x0000000086400000, 0x0000000086500000|  0%| F|  |TAMS 0x0000000086400000, 0x0000000086400000| Untracked 
|  79|0x0000000086500000, 0x0000000086500000, 0x0000000086600000|  0%| F|  |TAMS 0x0000000086500000, 0x0000000086500000| Untracked 
|  80|0x0000000086600000, 0x0000000086600000, 0x0000000086700000|  0%| F|  |TAMS 0x0000000086600000, 0x0000000086600000| Untracked 
|  81|0x0000000086700000, 0x0000000086700000, 0x0000000086800000|  0%| F|  |TAMS 0x0000000086700000, 0x0000000086700000| Untracked 
|  82|0x0000000086800000, 0x0000000086800000, 0x0000000086900000|  0%| F|  |TAMS 0x0000000086800000, 0x0000000086800000| Untracked 
|  83|0x0000000086900000, 0x0000000086900000, 0x0000000086a00000|  0%| F|  |TAMS 0x0000000086900000, 0x0000000086900000| Untracked 
|  84|0x0000000086a00000, 0x0000000086a00000, 0x0000000086b00000|  0%| F|  |TAMS 0x0000000086a00000, 0x0000000086a00000| Untracked 
|  85|0x0000000086b00000, 0x0000000086b00000, 0x0000000086c00000|  0%| F|  |TAMS 0x0000000086b00000, 0x0000000086b00000| Untracked 
|  86|0x0000000086c00000, 0x0000000086c00000, 0x0000000086d00000|  0%| F|  |TAMS 0x0000000086c00000, 0x0000000086c00000| Untracked 
|  87|0x0000000086d00000, 0x0000000086d00000, 0x0000000086e00000|  0%| F|  |TAMS 0x0000000086d00000, 0x0000000086d00000| Untracked 
|  88|0x0000000086e00000, 0x0000000086e00000, 0x0000000086f00000|  0%| F|  |TAMS 0x0000000086e00000, 0x0000000086e00000| Untracked 
|  89|0x0000000086f00000, 0x0000000086f00000, 0x0000000087000000|  0%| F|  |TAMS 0x0000000086f00000, 0x0000000086f00000| Untracked 
|  90|0x0000000087000000, 0x0000000087000000, 0x0000000087100000|  0%| F|  |TAMS 0x0000000087000000, 0x0000000087000000| Untracked 
|  91|0x0000000087100000, 0x0000000087100000, 0x0000000087200000|  0%| F|  |TAMS 0x0000000087100000, 0x0000000087100000| Untracked 
|  92|0x0000000087200000, 0x0000000087200000, 0x0000000087300000|  0%| F|  |TAMS 0x0000000087200000, 0x0000000087200000| Untracked 
|  93|0x0000000087300000, 0x0000000087300000, 0x0000000087400000|  0%| F|  |TAMS 0x0000000087300000, 0x0000000087300000| Untracked 
|  94|0x0000000087400000, 0x0000000087400000, 0x0000000087500000|  0%| F|  |TAMS 0x0000000087400000, 0x0000000087400000| Untracked 
|  95|0x0000000087500000, 0x0000000087500000, 0x0000000087600000|  0%| F|  |TAMS 0x0000000087500000, 0x0000000087500000| Untracked 
|  96|0x0000000087600000, 0x0000000087600000, 0x0000000087700000|  0%| F|  |TAMS 0x0000000087600000, 0x0000000087600000| Untracked 
|  97|0x0000000087700000, 0x0000000087700000, 0x0000000087800000|  0%| F|  |TAMS 0x0000000087700000, 0x0000000087700000| Untracked 
|  98|0x0000000087800000, 0x0000000087800000, 0x0000000087900000|  0%| F|  |TAMS 0x0000000087800000, 0x0000000087800000| Untracked 
|  99|0x0000000087900000, 0x0000000087900000, 0x0000000087a00000|  0%| F|  |TAMS 0x0000000087900000, 0x0000000087900000| Untracked 
| 100|0x0000000087a00000, 0x0000000087a00000, 0x0000000087b00000|  0%| F|  |TAMS 0x0000000087a00000, 0x0000000087a00000| Untracked 
| 101|0x0000000087b00000, 0x0000000087b00000, 0x0000000087c00000|  0%| F|  |TAMS 0x0000000087b00000, 0x0000000087b00000| Untracked 
| 102|0x0000000087c00000, 0x0000000087c00000, 0x0000000087d00000|  0%| F|  |TAMS 0x0000000087c00000, 0x0000000087c00000| Untracked 
| 103|0x0000000087d00000, 0x0000000087d00000, 0x0000000087e00000|  0%| F|  |TAMS 0x0000000087d00000, 0x0000000087d00000| Untracked 
| 104|0x0000000087e00000, 0x0000000087e00000, 0x0000000087f00000|  0%| F|  |TAMS 0x0000000087e00000, 0x0000000087e00000| Untracked 
| 105|0x0000000087f00000, 0x0000000087f00000, 0x0000000088000000|  0%| F|  |TAMS 0x0000000087f00000, 0x0000000087f00000| Untracked 
| 106|0x0000000088000000, 0x0000000088000000, 0x0000000088100000|  0%| F|  |TAMS 0x0000000088000000, 0x0000000088000000| Untracked 
| 107|0x0000000088100000, 0x0000000088100000, 0x0000000088200000|  0%| F|  |TAMS 0x0000000088100000, 0x0000000088100000| Untracked 
| 108|0x0000000088200000, 0x0000000088200000, 0x0000000088300000|  0%| F|  |TAMS 0x0000000088200000, 0x0000000088200000| Untracked 
| 109|0x0000000088300000, 0x0000000088300000, 0x0000000088400000|  0%| F|  |TAMS 0x0000000088300000, 0x0000000088300000| Untracked 
| 110|0x0000000088400000, 0x0000000088400000, 0x0000000088500000|  0%| F|  |TAMS 0x0000000088400000, 0x0000000088400000| Untracked 
| 111|0x0000000088500000, 0x0000000088500000, 0x0000000088600000|  0%| F|  |TAMS 0x0000000088500000, 0x0000000088500000| Untracked 
| 112|0x0000000088600000, 0x0000000088600000, 0x0000000088700000|  0%| F|  |TAMS 0x0000000088600000, 0x0000000088600000| Untracked 
| 113|0x0000000088700000, 0x0000000088700000, 0x0000000088800000|  0%| F|  |TAMS 0x0000000088700000, 0x0000000088700000| Untracked 
| 114|0x0000000088800000, 0x0000000088800000, 0x0000000088900000|  0%| F|  |TAMS 0x0000000088800000, 0x0000000088800000| Untracked 
| 115|0x0000000088900000, 0x0000000088900000, 0x0000000088a00000|  0%| F|  |TAMS 0x0000000088900000, 0x0000000088900000| Untracked 
| 116|0x0000000088a00000, 0x0000000088a00000, 0x0000000088b00000|  0%| F|  |TAMS 0x0000000088a00000, 0x0000000088a00000| Untracked 
| 117|0x0000000088b00000, 0x0000000088b9c350, 0x0000000088c00000| 61%| E|  |TAMS 0x0000000088b00000, 0x0000000088b00000| Complete 
| 118|0x0000000088c00000, 0x0000000088d00000, 0x0000000088d00000|100%| E|  |TAMS 0x0000000088c00000, 0x0000000088c00000| Complete 
| 119|0x0000000088d00000, 0x0000000088e00000, 0x0000000088e00000|100%| E|CS|TAMS 0x0000000088d00000, 0x0000000088d00000| Complete 
| 120|0x0000000088e00000, 0x0000000088f00000, 0x0000000088f00000|100%| E|CS|TAMS 0x0000000088e00000, 0x0000000088e00000| Complete 
| 121|0x0000000088f00000, 0x0000000089000000, 0x0000000089000000|100%| E|CS|TAMS 0x0000000088f00000, 0x0000000088f00000| Complete 
| 122|0x0000000089000000, 0x0000000089100000, 0x0000000089100000|100%| E|CS|TAMS 0x0000000089000000, 0x0000000089000000| Complete 
| 123|0x0000000089100000, 0x0000000089200000, 0x0000000089200000|100%| E|CS|TAMS 0x0000000089100000, 0x0000000089100000| Complete 
| 124|0x0000000089200000, 0x0000000089300000, 0x0000000089300000|100%| E|CS|TAMS 0x0000000089200000, 0x0000000089200000| Complete 
| 125|0x0000000089300000, 0x0000000089400000, 0x0000000089400000|100%| E|CS|TAMS 0x0000000089300000, 0x0000000089300000| Complete 
| 126|0x0000000089400000, 0x0000000089500000, 0x0000000089500000|100%| E|CS|TAMS 0x0000000089400000, 0x0000000089400000| Complete 
| 127|0x0000000089500000, 0x0000000089600000, 0x0000000089600000|100%| E|CS|TAMS 0x0000000089500000, 0x0000000089500000| Complete 

Card table byte_map: [0x0000020656510000,0x0000020656910000] _byte_map_base: 0x0000020656105000

Marking Bits (Prev, Next): (CMBitMap*) 0x000002063ea06858, (CMBitMap*) 0x000002063ea06898
 Prev Bits: [0x0000020656d10000, 0x0000020658cb8000)
 Next Bits: [0x0000020658cc0000, 0x000002065ac68000)

Polling page: 0x000002063c9a0000

Metaspace:

Usage:
  Non-class:      9.25 MB capacity,     9.07 MB ( 98%) used,   150.81 KB (  2%) free+waste,    30.38 KB ( <1%) overhead. 
      Class:      1.42 MB capacity,     1.26 MB ( 89%) used,   141.62 KB ( 10%) free+waste,    18.00 KB (  1%) overhead. 
       Both:     10.67 MB capacity,    10.33 MB ( 97%) used,   292.43 KB (  3%) free+waste,    48.38 KB ( <1%) overhead. 

Virtual space:
  Non-class space:       10.00 MB reserved,       9.25 MB ( 93%) committed 
      Class space:        1.00 GB reserved,       1.50 MB ( <1%) committed 
             Both:        1.01 GB reserved,      10.75 MB (  1%) committed 

Chunk freelists:
   Non-Class:  128 bytes
       Class:  2.50 KB
        Both:  2.63 KB

CodeHeap 'non-profiled nmethods': size=120000Kb used=284Kb max_used=284Kb free=119715Kb
 bounds [0x000002064e8a0000, 0x000002064eb10000, 0x0000020655dd0000]
CodeHeap 'profiled nmethods': size=120000Kb used=1730Kb max_used=1730Kb free=118269Kb
 bounds [0x0000020647370000, 0x00000206475e0000, 0x000002064e8a0000]
CodeHeap 'non-nmethods': size=5760Kb used=1231Kb max_used=1243Kb free=4528Kb
 bounds [0x0000020646dd0000, 0x0000020647040000, 0x0000020647370000]
 total_blobs=1665 nmethods=921 adapters=509
 compilation: enabled
              stopped_count=0, restarted_count=0
 full_count=0

Compilation events (10 events):
Event: 4.981 Thread 0x000002065d6c1000 nmethod 875 0x0000020647513110 code [0x0000020647513320, 0x0000020647513780]
Event: 4.981 Thread 0x000002065d6c1000  877       3       java.lang.String::<init> (10 bytes)
Event: 4.981 Thread 0x000002065d6c3000 nmethod 876 0x000002064e8e2710 code [0x000002064e8e28a0, 0x000002064e8e2938]
Event: 4.981 Thread 0x000002065d6c1000 nmethod 877 0x0000020647513910 code [0x0000020647513ae0, 0x0000020647513cb0]
Event: 5.216 Thread 0x000002065d6c3000  878       4       sun.java2d.loops.GraphicsPrimitiveMgr$2::compare (39 bytes)
Event: 5.217 Thread 0x000002065d6c3000 nmethod 878 0x000002064e8e2a10 code [0x000002064e8e2bc0, 0x000002064e8e2cd8]
Event: 5.217 Thread 0x000002065d6c1000  879       3       javax.swing.plaf.nimbus.NimbusStyle::getExtendedState (247 bytes)
Event: 5.218 Thread 0x000002065d6c1000 nmethod 879 0x0000020647513d90 code [0x0000020647514040, 0x0000020647514f90]
Event: 5.274 Thread 0x000002065d6c1000  880       3       javax.swing.JComponent::getFlag (20 bytes)
Event: 5.274 Thread 0x000002065d6c1000 nmethod 880 0x0000020647515590 code [0x0000020647515740, 0x0000020647515938]

GC Heap History (0 events):
No events

Deoptimization events (10 events):
Event: 1.232 Thread 0x000002063e9c7000 Uncommon trap: reason=class_check action=maybe_recompile pc=0x000002064e8ad334 method=java.util.HashMap.putVal(ILjava/lang/Object;Ljava/lang/Object;ZZ)Ljava/lang/Object; @ 152 c2
Event: 1.232 Thread 0x000002063e9c7000 Uncommon trap: reason=class_check action=maybe_recompile pc=0x000002064e8ad334 method=java.util.HashMap.putVal(ILjava/lang/Object;Ljava/lang/Object;ZZ)Ljava/lang/Object; @ 152 c2
Event: 1.232 Thread 0x000002063e9c7000 Uncommon trap: reason=class_check action=maybe_recompile pc=0x000002064e8ad334 method=java.util.HashMap.putVal(ILjava/lang/Object;Ljava/lang/Object;ZZ)Ljava/lang/Object; @ 152 c2
Event: 3.382 Thread 0x000002063e9c7000 Uncommon trap: reason=unstable_if action=reinterpret pc=0x000002064e8bcdc4 method=java.util.HashMap.putVal(ILjava/lang/Object;Ljava/lang/Object;ZZ)Ljava/lang/Object; @ 181 c2
Event: 3.755 Thread 0x000002063e9c7000 Uncommon trap: reason=unstable_if action=reinterpret pc=0x000002064e8c7f24 method=java.util.HashMap.hash(Ljava/lang/Object;)I @ 1 c2
Event: 3.928 Thread 0x000002063e9c7000 Uncommon trap: reason=unstable_if action=reinterpret pc=0x000002064e8c66f4 method=java.lang.StringLatin1.replace([BCC)Ljava/lang/String; @ 19 c2
Event: 4.355 Thread 0x000002065e614000 Uncommon trap: reason=unstable_if action=reinterpret pc=0x000002064e8d02dc method=java.util.HashMap.getNode(ILjava/lang/Object;)Ljava/util/HashMap$Node; @ 84 c2
Event: 4.850 Thread 0x000002065e614000 Uncommon trap: reason=unstable_if action=reinterpret pc=0x000002064e8cd1d4 method=java.util.HashMap.resize()[Ljava/util/HashMap$Node; @ 203 c2
Event: 4.905 Thread 0x000002065e614000 Uncommon trap: reason=class_check action=maybe_recompile pc=0x000002064e8aa08c method=java.lang.String.equals(Ljava/lang/Object;)Z @ 8 c2
Event: 4.915 Thread 0x000002065e614000 Uncommon trap: reason=class_check action=maybe_recompile pc=0x000002064e8aa08c method=java.lang.String.equals(Ljava/lang/Object;)Z @ 8 c2

Classes redefined (0 events):
No events

Internal exceptions (10 events):
Event: 3.710 Thread 0x000002063e9c7000 Exception <a 'java/lang/ClassNotFoundException'{0x0000000088e45360}: Tree> (0x0000000088e45360) thrown at [t:/workspace/open/src/hotspot/share/classfile/systemDictionary.cpp, line 235]
Event: 3.710 Thread 0x000002063e9c7000 Exception <a 'java/lang/ClassNotFoundException'{0x0000000088e456d0}: javax/swing/JTreeCell> (0x0000000088e456d0) thrown at [t:/workspace/open/src/hotspot/share/classfile/systemDictionary.cpp, line 235]
Event: 3.710 Thread 0x000002063e9c7000 Exception <a 'java/lang/ClassNotFoundException'{0x0000000088e459d0}: TreeCell> (0x0000000088e459d0) thrown at [t:/workspace/open/src/hotspot/share/classfile/systemDictionary.cpp, line 235]
Event: 3.720 Thread 0x000002063e9c7000 Exception <a 'java/lang/ClassNotFoundException'{0x0000000088e46200}: RootPane> (0x0000000088e46200) thrown at [t:/workspace/open/src/hotspot/share/classfile/systemDictionary.cpp, line 235]
Event: 3.755 Thread 0x000002063e9c7000 Implicit null exception at 0x000002064e8c7e88 to 0x000002064e8c7f1a
Event: 3.771 Thread 0x000002063e9c7000 Exception <a 'java/lang/ClassNotFoundException'{0x0000000088e4a100}: com/sun/swing/internal/plaf/metal/resources/spi/metalProvider> (0x0000000088e4a100) thrown at [t:/workspace/open/src/hotspot/share/classfile/systemDictionary.cpp, line 235]
Event: 3.774 Thread 0x000002063e9c7000 Exception <a 'java/lang/ClassNotFoundException'{0x0000000088e4e3e8}: com/sun/swing/internal/plaf/basic/resources/spi/basicProvider> (0x0000000088e4e3e8) thrown at [t:/workspace/open/src/hotspot/share/classfile/systemDictionary.cpp, line 235]
Event: 4.142 Thread 0x000002065e614000 Exception <a 'java/lang/ClassNotFoundException'{0x0000000088d15060}: com/sun/swing/internal/plaf/synth/resources/spi/synthProvider> (0x0000000088d15060) thrown at [t:/workspace/open/src/hotspot/share/classfile/systemDictionary.cpp, line 235]
Event: 4.808 Thread 0x000002065e614000 Exception <a 'java/lang/NoSuchMethodError'{0x0000000088dd8038}: java.lang.invoke.DirectMethodHandle$Holder.invokeStaticInit(Ljava/lang/Object;)V> (0x0000000088dd8038) thrown at [t:/workspace/open/src/hotspot/share/interpreter/linkResolver.cpp, line 777]
Event: 4.825 Thread 0x000002065e614000 Exception <a 'java/lang/NoSuchMethodError'{0x0000000088c0c288}: java.lang.invoke.Invokers$Holder.linkToTargetMethod(Ljava/lang/Object;ILjava/lang/Object;)Ljava/lang/Object;> (0x0000000088c0c288) thrown at [t:/workspace/open/src/hotspot/share/interpreter/l

Events (10 events):
Event: 5.301 loading class sun/java2d/pipe/AAShapePipe$TileState
Event: 5.301 loading class sun/java2d/ReentrantContext
Event: 5.301 loading class sun/java2d/ReentrantContext done
Event: 5.301 loading class sun/java2d/pipe/AAShapePipe$TileState done
Event: 5.301 loading class java/awt/geom/Rectangle2D$Double
Event: 5.320 loading class java/awt/geom/Rectangle2D$Double done
Event: 5.320 loading class sun/java2d/ReentrantContextProvider$HardReference
Event: 5.320 loading class sun/java2d/ReentrantContextProvider$HardReference done
Event: 5.320 loading class sun/java2d/marlin/DRendererContext
Event: 5.325 loading class sun/java2d/marlin/IRendererContext


Dynamic libraries:
0x00007ff6cc320000 - 0x00007ff6cc32f000 	C:\Program Files\Java\jdk-12.0.1\bin\java.exe
0x00007ffd5cd20000 - 0x00007ffd5cf10000 	C:\Windows\SYSTEM32\ntdll.dll
0x00007ffd5af90000 - 0x00007ffd5b042000 	C:\Windows\System32\KERNEL32.DLL
0x00007ffd5a710000 - 0x00007ffd5a9b3000 	C:\Windows\System32\KERNELBASE.dll
0x00007ffd5ace0000 - 0x00007ffd5adda000 	C:\Windows\System32\ucrtbase.dll
0x00007ffd4c680000 - 0x00007ffd4c698000 	C:\Program Files\Java\jdk-12.0.1\bin\jli.dll
0x00007ffd4bc30000 - 0x00007ffd4bc46000 	C:\Program Files\Java\jdk-12.0.1\bin\VCRUNTIME140.dll
0x00007ffd5be40000 - 0x00007ffd5bee3000 	C:\Windows\System32\ADVAPI32.dll
0x00007ffd5ba80000 - 0x00007ffd5bb1e000 	C:\Windows\System32\msvcrt.dll
0x00007ffd5bfc0000 - 0x00007ffd5c057000 	C:\Windows\System32\sechost.dll
0x00007ffd5ca10000 - 0x00007ffd5cb30000 	C:\Windows\System32\RPCRT4.dll
0x00007ffd5b730000 - 0x00007ffd5b8c3000 	C:\Windows\System32\USER32.dll
0x00007ffd41990000 - 0x00007ffd41c15000 	C:\Windows\WinSxS\amd64_microsoft.windows.common-controls_6595b64144ccf1df_6.0.18362.175_none_e6c3ab1f131014c9\COMCTL32.dll
0x00007ffd59dc0000 - 0x00007ffd59de1000 	C:\Windows\System32\win32u.dll
0x00007ffd5cc00000 - 0x00007ffd5cc26000 	C:\Windows\System32\GDI32.dll
0x00007ffd5c4d0000 - 0x00007ffd5c806000 	C:\Windows\System32\combase.dll
0x00007ffd5a9c0000 - 0x00007ffd5ab54000 	C:\Windows\System32\gdi32full.dll
0x00007ffd5ab60000 - 0x00007ffd5abfe000 	C:\Windows\System32\msvcp_win.dll
0x00007ffd5ac50000 - 0x00007ffd5acd1000 	C:\Windows\System32\bcryptPrimitives.dll
0x00007ffd53aa0000 - 0x00007ffd53aaa000 	C:\Windows\SYSTEM32\VERSION.dll
0x00007ffd5c8a0000 - 0x00007ffd5c8ce000 	C:\Windows\System32\IMM32.DLL
0x00007ffd3fbd0000 - 0x00007ffd3fc7a000 	C:\Program Files\Java\jdk-12.0.1\bin\msvcp140.dll
0x00007ffd265c0000 - 0x00007ffd27134000 	C:\Program Files\Java\jdk-12.0.1\bin\server\jvm.dll
0x00007ffd5af80000 - 0x00007ffd5af88000 	C:\Windows\System32\PSAPI.DLL
0x00007ffd41070000 - 0x00007ffd41079000 	C:\Windows\SYSTEM32\WSOCK32.dll
0x00007ffd56fa0000 - 0x00007ffd56fc4000 	C:\Windows\SYSTEM32\WINMM.dll
0x00007ffd5ae90000 - 0x00007ffd5aeff000 	C:\Windows\System32\WS2_32.dll
0x00007ffd56f70000 - 0x00007ffd56f9d000 	C:\Windows\SYSTEM32\WINMMBASE.dll
0x00007ffd5ac00000 - 0x00007ffd5ac4a000 	C:\Windows\System32\cfgmgr32.dll
0x00007ffd59c90000 - 0x00007ffd59ca1000 	C:\Windows\System32\kernel.appcore.dll
0x00007ffd3fbb0000 - 0x00007ffd3fbc1000 	C:\Program Files\Java\jdk-12.0.1\bin\verify.dll
0x00007ffd4c1d0000 - 0x00007ffd4c3c4000 	C:\Windows\SYSTEM32\DBGHELP.DLL
0x00007ffd4c1a0000 - 0x00007ffd4c1ca000 	C:\Windows\SYSTEM32\dbgcore.DLL
0x00007ffd3fb80000 - 0x00007ffd3fba6000 	C:\Program Files\Java\jdk-12.0.1\bin\java.dll
0x00007ffd25d70000 - 0x00007ffd25d7e000 	C:\Program Files\Java\jdk-12.0.1\bin\instrument.dll
0x00007ffd3fb60000 - 0x00007ffd3fb77000 	C:\Program Files\Java\jdk-12.0.1\bin\zip.dll
0x00007ffd466b0000 - 0x00007ffd466ba000 	C:\Program Files\Java\jdk-12.0.1\bin\jimage.dll
0x00007ffd5b050000 - 0x00007ffd5b730000 	C:\Windows\System32\SHELL32.dll
0x00007ffd5ade0000 - 0x00007ffd5ae89000 	C:\Windows\System32\shcore.dll
0x00007ffd59f90000 - 0x00007ffd5a70b000 	C:\Windows\System32\windows.storage.dll
0x00007ffd59c50000 - 0x00007ffd59c6f000 	C:\Windows\System32\profapi.dll
0x00007ffd59c00000 - 0x00007ffd59c4a000 	C:\Windows\System32\powrprof.dll
0x00007ffd59bf0000 - 0x00007ffd59c00000 	C:\Windows\System32\UMPDC.dll
0x00007ffd5bb20000 - 0x00007ffd5bb72000 	C:\Windows\System32\shlwapi.dll
0x00007ffd59df0000 - 0x00007ffd59e07000 	C:\Windows\System32\cryptsp.dll
0x00007ffd3fb40000 - 0x00007ffd3fb59000 	C:\Program Files\Java\jdk-12.0.1\bin\net.dll
0x00007ffd537b0000 - 0x00007ffd5389f000 	C:\Windows\SYSTEM32\WINHTTP.dll
0x00007ffd4d590000 - 0x00007ffd4d764000 	C:\Windows\SYSTEM32\urlmon.dll
0x00007ffd4d2e0000 - 0x00007ffd4d586000 	C:\Windows\SYSTEM32\iertutil.dll
0x00007ffd595d0000 - 0x00007ffd595dc000 	C:\Windows\SYSTEM32\CRYPTBASE.DLL
0x00007ffd59400000 - 0x00007ffd59467000 	C:\Windows\system32\mswsock.dll
0x00007ffd3fb20000 - 0x00007ffd3fb33000 	C:\Program Files\Java\jdk-12.0.1\bin\nio.dll
0x00007ffd25b70000 - 0x00007ffd25b8a000 	C:\Program Files\JetBrains\IntelliJ IDEA Community Edition 2019.1.3\bin\breakgen64.dll
0x00007ffd25640000 - 0x00007ffd257df000 	C:\Program Files\Java\jdk-12.0.1\bin\awt.dll
0x00007ffd5cb30000 - 0x00007ffd5cbf4000 	C:\Windows\System32\OLEAUT32.dll
0x00007ffd568e0000 - 0x00007ffd56ea0000 	C:\Windows\SYSTEM32\d2d1.dll
0x00007ffd57e90000 - 0x00007ffd57f1f000 	C:\Windows\SYSTEM32\apphelp.dll
0x00007ffd57fc0000 - 0x00007ffd58059000 	C:\Windows\system32\uxtheme.dll
0x00007ffd5bb80000 - 0x00007ffd5bcb7000 	C:\Windows\System32\MSCTF.dll
0x00007ffd5bcc0000 - 0x00007ffd5be16000 	C:\Windows\System32\ole32.dll
0x00007ffd583e0000 - 0x00007ffd5840d000 	C:\Windows\system32\DWMAPI.DLL
0x00007ffd24690000 - 0x00007ffd24710000 	C:\Program Files\Java\jdk-12.0.1\bin\freetype.dll
0x00007ffd24620000 - 0x00007ffd2468f000 	C:\Program Files\Java\jdk-12.0.1\bin\fontmanager.dll
0x00007ffd3ba00000 - 0x00007ffd3bb4f000 	C:\Windows\system32\opengl32.dll
0x00007ffd3b070000 - 0x00007ffd3b09c000 	C:\Windows\SYSTEM32\GLU32.dll
0x00007ffd588b0000 - 0x00007ffd588d0000 	C:\Windows\SYSTEM32\dxcore.dll
0x00007ffd47e60000 - 0x00007ffd47efe000 	C:\Windows\System32\TextInputFramework.dll
0x00007ffd530c0000 - 0x00007ffd533e9000 	C:\Windows\System32\CoreUIComponents.dll
0x00007ffd57cb0000 - 0x00007ffd57d84000 	C:\Windows\System32\CoreMessaging.dll
0x00007ffd58ca0000 - 0x00007ffd58cd1000 	C:\Windows\SYSTEM32\ntmarta.dll
0x00007ffd55570000 - 0x00007ffd556c3000 	C:\Windows\SYSTEM32\wintypes.dll
0x0000000010000000 - 0x0000000010070000 	C:\Windows\sigar-amd64-winnt.dll
0x00007ffd55f40000 - 0x00007ffd55f88000 	C:\Windows\SYSTEM32\pdh.dll
0x00007ffd4e910000 - 0x00007ffd4e927000 	C:\Windows\SYSTEM32\NETAPI32.dll
0x00007ffd59270000 - 0x00007ffd5927c000 	C:\Windows\SYSTEM32\NETUTILS.DLL
0x00007ffd45960000 - 0x00007ffd45986000 	C:\Windows\SYSTEM32\SRVCLI.DLL

dbghelp: loaded successfully - version: 4.0.5 - missing functions: none
symbol engine: initialized successfully - sym options: 0x614 - pdb path: .;C:\Program Files\Java\jdk-12.0.1\bin;C:\Windows\SYSTEM32;C:\Windows\WinSxS\amd64_microsoft.windows.common-controls_6595b64144ccf1df_6.0.18362.175_none_e6c3ab1f131014c9;C:\Program Files\Java\jdk-12.0.1\bin\server;C:\Program Files\JetBrains\IntelliJ IDEA Community Edition 2019.1.3\bin;C:\Windows

VM Arguments:
jvm_args: -javaagent:C:\Program Files\JetBrains\IntelliJ IDEA Community Edition 2019.1.3\lib\idea_rt.jar=49809:C:\Program Files\JetBrains\IntelliJ IDEA Community Edition 2019.1.3\bin -Dfile.encoding=UTF-8 
java_command: udp.Server
java_class_path (initial): C:\Users\AntonioWM\IdeaProjects\udp\target\classes;C:\Users\AntonioWM\.m2\repository\org\hyperic\sigar\1.6.4\sigar-1.6.4.jar
Launcher Type: SUN_STANDARD

[Global flags]
     intx CICompilerCount                          = 4                                         {product} {ergonomic}
     uint ConcGCThreads                            = 2                                         {product} {ergonomic}
     uint G1ConcRefinementThreads                  = 8                                         {product} {ergonomic}
   size_t G1HeapRegionSize                         = 1048576                                   {product} {ergonomic}
    uintx GCDrainStackTargetSize                   = 64                                        {product} {ergonomic}
   size_t InitialHeapSize                          = 134217728                                 {product} {ergonomic}
   size_t MarkStackSize                            = 4194304                                   {product} {ergonomic}
   size_t MaxHeapSize                              = 2124414976                                {product} {ergonomic}
   size_t MaxNewSize                               = 1274019840                                {product} {ergonomic}
   size_t MinHeapDeltaBytes                        = 1048576                                   {product} {ergonomic}
    uintx NonNMethodCodeHeapSize                   = 5836300                                {pd product} {ergonomic}
    uintx NonProfiledCodeHeapSize                  = 122910970                              {pd product} {ergonomic}
    uintx ProfiledCodeHeapSize                     = 122910970                              {pd product} {ergonomic}
    uintx ReservedCodeCacheSize                    = 251658240                              {pd product} {ergonomic}
     bool SegmentedCodeCache                       = true                                      {product} {ergonomic}
     bool UseCompressedClassPointers               = true                                 {lp64_product} {ergonomic}
     bool UseCompressedOops                        = true                                 {lp64_product} {ergonomic}
     bool UseG1GC                                  = true                                      {product} {ergonomic}
     bool UseLargePagesIndividualAllocation        = false                                  {pd product} {ergonomic}

Logging:
Log output configuration:
 #0: stdout all=warning uptime,level,tags
 #1: stderr all=off uptime,level,tags

Environment Variables:
JAVA_HOME=C:\Program Files\Java\jdk-12.0.1
PATH=C:\Windows\system32;C:\Windows;C:\Windows\System32\Wbem;C:\Windows\System32\WindowsPowerShell\v1.0\;C:\Windows\System32\OpenSSH\;C:\Program Files\Microsoft VS Code\bin;C:\Program Files\dotnet\;C:\Program Files\Microsoft SQL Server\130\Tools\Binn\;C:\Program Files\Microsoft SQL Server\Client SDK\ODBC\170\Tools\Binn\;C:\Program Files\Git\cmd;C:\Program Files (x86)\Microsoft SQL Server\150\DTS\Binn\;C:\Program Files\Java\jdk-12.0.1\bin;C:\Users\AntonioWM\AppData\Local\Microsoft\WindowsApps;
USERNAME=AntonioWM
OS=Windows_NT
PROCESSOR_IDENTIFIER=Intel64 Family 6 Model 60 Stepping 3, GenuineIntel



---------------  S Y S T E M  ---------------

OS: Windows 10 , 64 bit Build 18362 (10.0.18362.86)

CPU:total 8 (initial active 8) (4 cores per cpu, 2 threads per core) family 6 model 60 stepping 3, cmov, cx8, fxsr, mmx, sse, sse2, sse3, ssse3, sse4.1, sse4.2, popcnt, avx, avx2, aes, clmul, erms, lzcnt, ht, tsc, tscinvbit, bmi1, bmi2, fma

Memory: 4k page, system-wide physical 8100M (4948M free)
TotalPageFile size 10020M (AvailPageFile size 6462M)
current process WorkingSet (physical memory assigned to process): 73M, peak: 73M
current process commit charge ("private bytes"): 228M, peak: 230M

vm_info: Java HotSpot(TM) 64-Bit Server VM (12.0.1+12) for windows-amd64 JRE (12.0.1+12), built on Apr  2 2019 14:02:19 by "mach5one" with MS VC++ 15.5 (VS2017)

END.
