#
# A fatal error has been detected by the Java Runtime Environment:
#
#  EXCEPTION_ACCESS_VIOLATION (0xc0000005) at pc=0x000000006108353d, pid=196, tid=0x0000000000001178
#
# JRE version: Java(TM) SE Runtime Environment (8.0_211-b12) (build 1.8.0_211-b12)
# Java VM: Java HotSpot(TM) 64-Bit Server VM (25.211-b12 mixed mode windows-amd64 compressed oops)
# Problematic frame:
# V  [jvm.dll+0x353d]
#
# Failed to write core dump. Minidumps are not enabled by default on client versions of Windows
#
# If you would like to submit a bug report, please visit:
#   http://bugreport.java.com/bugreport/crash.jsp
#

---------------  T H R E A D  ---------------

Current thread (0x0000000019dad800):  JavaThread "Thread-5" [_thread_in_vm, id=4472, stack(0x000000001db50000,0x000000001dc50000)]

siginfo: ExceptionCode=0xc0000005, writing address 0x00000000de339da4

Registers:
RAX=0x00000000d7291d70, RBX=0x00000000de339da4, RCX=0x0000000000000000, RDX=0x00000000d7291d70
RSP=0x000000001dc4ea10, RBP=0x000000001adbfa20, RSI=0x00000000d7291d70, RDI=0x00000000d7291d70
R8 =0x000000001c2a0150, R9 =0x0000000100166e60, R10=0x000000000000000f, R11=0x000000000000000f
R12=0x000000001dc4ee60, R13=0x000000001c2a0150, R14=0x000000001dc4ee60, R15=0x0000000019dad800
RIP=0x000000006108353d, EFLAGS=0x0000000000010202

Top of Stack: (sp=0x000000001dc4ea10)
0x000000001dc4ea10:   0000000019dad9f8 00000000610ef4d9
0x000000001dc4ea20:   000000001dc4ee38 000000001af5c708
0x000000001dc4ea30:   00000000070a8054 00000000611dfa5b
0x000000001dc4ea40:   0000000019dad800 00000000611c1905
0x000000001dc4ea50:   000000001dc4ead0 0000000019dad800
0x000000001dc4ea60:   000000001dc4ee38 0000000020200021
0x000000001dc4ea70:   0000000019dad800 0000000000000000
0x000000001dc4ea80:   00000000179cce48 0000000000000000
0x000000001dc4ea90:   0000000002c983fd 000000001c1cc30e
0x000000001dc4eaa0:   000000001dc4ee38 00000000179cce50
0x000000001dc4eab0:   000000001dc4ee38 0000000020200021
0x000000001dc4eac0:   003832312e353532 000000001c1e0044
0x000000001dc4ead0:   2e3433322e383431 003932312e303331
0x000000001dc4eae0:   0000000000000000 0000000000000000
0x000000001dc4eaf0:   0000000000000000 5346000000000000
0x000000001dc4eb00:   3131452d32532d57 0000000000000000 

Instructions: (pc=0x000000006108353d)
0x000000006108351d:   d3 ff 50 58 48 85 ff 75 04 33 c0 eb 13 8b 0d 28
0x000000006108352d:   63 7a 00 48 8b c7 48 2b 05 16 63 7a 00 48 d3 e8
0x000000006108353d:   89 03 48 8b 0d 72 29 81 00 83 79 0c 01 75 19 48
0x000000006108354d:   c1 eb 09 48 03 99 90 00 00 00 c6 03 00 48 8b 5c 


Register to memory mapping:

RAX=0x00000000d7291d70 is an oop
java.lang.String 
 - klass: 'java/lang/String'
RBX=0x00000000de339da4 is an unallocated location in the heap
RCX=0x0000000000000000 is an unknown value
RDX=0x00000000d7291d70 is an oop
java.lang.String 
 - klass: 'java/lang/String'
RSP=0x000000001dc4ea10 is pointing into the stack for thread: 0x0000000019dad800
RBP=0x000000001adbfa20 is an unknown value
RSI=0x00000000d7291d70 is an oop
java.lang.String 
 - klass: 'java/lang/String'
RDI=0x00000000d7291d70 is an oop
java.lang.String 
 - klass: 'java/lang/String'
R8 =0x000000001c2a0150 is an unknown value
R9 =0x0000000100166e60 is pointing into metadata
R10=0x000000000000000f is an unknown value
R11=0x000000000000000f is an unknown value
R12=0x000000001dc4ee60 is pointing into the stack for thread: 0x0000000019dad800
R13=0x000000001c2a0150 is an unknown value
R14=0x000000001dc4ee60 is pointing into the stack for thread: 0x0000000019dad800
R15=0x0000000019dad800 is a thread


Stack: [0x000000001db50000,0x000000001dc50000],  sp=0x000000001dc4ea10,  free space=1018k
Native frames: (J=compiled Java code, j=interpreted, Vv=VM code, C=native code)
V  [jvm.dll+0x353d]
V  [jvm.dll+0x15fa5b]
C  [sigar-amd64-winnt.dll+0x1c30e]
C  0x0000000002cb1df0

Java frames: (J=compiled Java code, j=interpreted, Vv=VM code)
j  org.hyperic.sigar.NetInfo.gather(Lorg/hyperic/sigar/Sigar;)V+0
j  org.hyperic.sigar.NetInfo.fetch(Lorg/hyperic/sigar/Sigar;)Lorg/hyperic/sigar/NetInfo;+10
j  org.hyperic.sigar.Sigar.getNetInfo()Lorg/hyperic/sigar/NetInfo;+1
j  udp.UDP_Cliente.lambda$EnvioS$3(I)V+61
j  udp.UDP_Cliente$$Lambda$18.run()V+8
j  java.lang.Thread.run()V+11
v  ~StubRoutines::call_stub

---------------  P R O C E S S  ---------------

Java Threads: ( => current thread )
  0x0000000019b6c800 JavaThread "Thread-13" [_thread_blocked, id=7596, stack(0x000000001e850000,0x000000001e950000)]
  0x0000000019b72800 JavaThread "Thread-12" [_thread_blocked, id=9156, stack(0x000000001e750000,0x000000001e850000)]
  0x0000000019b70800 JavaThread "Thread-11" [_thread_in_native, id=2588, stack(0x000000001e450000,0x000000001e550000)]
  0x0000000019b73800 JavaThread "Thread-10" [_thread_blocked, id=1604, stack(0x000000001e350000,0x000000001e450000)]
  0x0000000019b72000 JavaThread "Thread-9" [_thread_blocked, id=8952, stack(0x000000001e250000,0x000000001e350000)]
  0x0000000019b6d800 JavaThread "Thread-8" [_thread_blocked, id=520, stack(0x000000001de50000,0x000000001df50000)]
  0x0000000019b71000 JavaThread "Thread-7" [_thread_blocked, id=6824, stack(0x000000001e050000,0x000000001e150000)]
  0x0000000019b6f800 JavaThread "Thread-6" [_thread_blocked, id=5336, stack(0x000000001df50000,0x000000001e050000)]
=>0x0000000019dad800 JavaThread "Thread-5" [_thread_in_vm, id=4472, stack(0x000000001db50000,0x000000001dc50000)]
  0x0000000019d96000 JavaThread "Thread-4" [_thread_blocked, id=2584, stack(0x000000001da50000,0x000000001db50000)]
  0x000000001ae15800 JavaThread "Thread-3" [_thread_blocked, id=8584, stack(0x000000001d950000,0x000000001da50000)]
  0x000000001adbc800 JavaThread "Thread-2" [_thread_blocked, id=3920, stack(0x000000001d850000,0x000000001d950000)]
  0x000000001b023000 JavaThread "TimerQueue" daemon [_thread_blocked, id=836, stack(0x000000001d750000,0x000000001d850000)]
  0x0000000002b93800 JavaThread "DestroyJavaVM" [_thread_blocked, id=3228, stack(0x0000000002960000,0x0000000002a60000)]
  0x000000001af51000 JavaThread "AWT-EventQueue-0" [_thread_blocked, id=7372, stack(0x000000001c2b0000,0x000000001c3b0000)]
  0x000000001ae8d800 JavaThread "AWT-Windows" daemon [_thread_in_native, id=5896, stack(0x000000001b790000,0x000000001b890000)]
  0x000000001ae8d000 JavaThread "AWT-Shutdown" [_thread_blocked, id=7748, stack(0x000000001b690000,0x000000001b790000)]
  0x000000001ae8c000 JavaThread "Java2D Disposer" daemon [_thread_blocked, id=3720, stack(0x000000001b540000,0x000000001b640000)]
  0x0000000019b65800 JavaThread "Service Thread" daemon [_thread_blocked, id=932, stack(0x000000001aa00000,0x000000001ab00000)]
  0x0000000019b27800 JavaThread "C1 CompilerThread3" daemon [_thread_blocked, id=3924, stack(0x000000001a900000,0x000000001aa00000)]
  0x0000000019b25000 JavaThread "C2 CompilerThread2" daemon [_thread_blocked, id=6480, stack(0x000000001a800000,0x000000001a900000)]
  0x0000000019b23000 JavaThread "C2 CompilerThread1" daemon [_thread_blocked, id=6896, stack(0x000000001a700000,0x000000001a800000)]
  0x0000000019b20800 JavaThread "C2 CompilerThread0" daemon [_thread_blocked, id=7296, stack(0x000000001a600000,0x000000001a700000)]
  0x0000000019a48800 JavaThread "JDWP Command Reader" daemon [_thread_in_native, id=2032, stack(0x000000001a500000,0x000000001a600000)]
  0x0000000019a47800 JavaThread "JDWP Event Helper Thread" daemon [_thread_blocked, id=2112, stack(0x000000001a400000,0x000000001a500000)]
  0x0000000019a3a800 JavaThread "JDWP Transport Listener: dt_socket" daemon [_thread_blocked, id=6916, stack(0x000000001a300000,0x000000001a400000)]
  0x0000000019a31800 JavaThread "Attach Listener" daemon [_thread_blocked, id=6820, stack(0x000000001a200000,0x000000001a300000)]
  0x0000000017c4e800 JavaThread "Signal Dispatcher" daemon [_thread_blocked, id=3184, stack(0x000000001a100000,0x000000001a200000)]
  0x0000000019a21000 JavaThread "Finalizer" daemon [_thread_blocked, id=872, stack(0x0000000019f00000,0x000000001a000000)]
  0x0000000019a20800 JavaThread "Reference Handler" daemon [_thread_blocked, id=6348, stack(0x0000000019e00000,0x0000000019f00000)]

Other Threads:
  0x0000000017c39800 VMThread [stack: 0x0000000019900000,0x0000000019a00000] [id=4668]
  0x0000000019b68000 WatcherThread [stack: 0x000000001ab00000,0x000000001ac00000] [id=7108]

VM state:synchronizing (normal execution)

VM Mutex/Monitor currently owned by a thread:  ([mutex/lock_event])
[0x0000000002b90dd0] Threads_lock - owner thread: 0x0000000017c39800
[0x0000000002b919e0] JvmtiThreadState_lock - owner thread: 0x000000001ae15800

heap address: 0x0000000081600000, size: 2026 MB, Compressed Oops mode: 32-bit
Narrow klass base: 0x0000000000000000, Narrow klass shift: 3
Compressed class space size: 1073741824 Address: 0x0000000100000000

Heap:
 PSYoungGen      total 38400K, used 28624K [0x00000000d5d00000, 0x00000000d8780000, 0x0000000100000000)
  eden space 33280K, 86% used [0x00000000d5d00000,0x00000000d78f41d8,0x00000000d7d80000)
  from space 5120K, 0% used [0x00000000d8280000,0x00000000d8280000,0x00000000d8780000)
  to   space 5120K, 0% used [0x00000000d7d80000,0x00000000d7d80000,0x00000000d8280000)
 ParOldGen       total 87552K, used 0K [0x0000000081600000, 0x0000000086b80000, 0x00000000d5d00000)
  object space 87552K, 0% used [0x0000000081600000,0x0000000081600000,0x0000000086b80000)
 Metaspace       used 11885K, capacity 12108K, committed 12416K, reserved 1060864K
  class space    used 1496K, capacity 1605K, committed 1664K, reserved 1048576K

Card table byte_map: [0x0000000012050000,0x0000000012450000] byte_map_base: 0x0000000011c45000

Marking Bits: (ParMarkBitMap*) 0x00000000618a5ce0
 Begin Bits: [0x0000000012f00000, 0x0000000014ea8000)
 End Bits:   [0x0000000014ea8000, 0x0000000016e50000)

Polling page: 0x00000000010a0000

CodeCache: size=245760Kb used=2438Kb max_used=2451Kb free=243321Kb
 bounds [0x0000000002c90000, 0x0000000002f00000, 0x0000000011c90000]
 total_blobs=1127 nmethods=648 adapters=400
 compilation: enabled

Compilation events (10 events):
Event: 57.744 Thread 0x0000000019b27800 nmethod 652 0x0000000002eddc90 code [0x0000000002edde00, 0x0000000002ede048]
Event: 57.744 Thread 0x0000000019b27800  653       3       javax.swing.RepaintManager::addDirtyRegion (37 bytes)
Event: 57.744 Thread 0x0000000019b27800 nmethod 653 0x0000000002edd610 code [0x0000000002edd7a0, 0x0000000002eddb08]
Event: 57.744 Thread 0x0000000019b27800  647       3       java.util.HashMap::<init> (11 bytes)
Event: 57.744 Thread 0x0000000019b27800 nmethod 647 0x0000000002edd190 code [0x0000000002edd300, 0x0000000002edd510]
Event: 57.744 Thread 0x0000000019b27800  654       3       java.awt.Component::checkTreeLock (21 bytes)
Event: 57.744 Thread 0x0000000019b27800 nmethod 654 0x0000000002edcb50 code [0x0000000002edcce0, 0x0000000002edd058]
Event: 57.744 Thread 0x0000000019b27800  649       1       java.awt.Component::getGraphicsConfiguration_NoClientCode (5 bytes)
Event: 57.744 Thread 0x0000000019b27800 nmethod 649 0x0000000002e0c3d0 code [0x0000000002e0c520, 0x0000000002e0c630]
Event: 57.744 Thread 0x0000000019b23000 nmethod 651 0x0000000002ef5050 code [0x0000000002ef51c0, 0x0000000002ef5d18]

GC Heap History (0 events):
No events

Deoptimization events (5 events):
Event: 0.261 Thread 0x0000000002b93800 Uncommon trap: reason=null_check action=make_not_entrant pc=0x0000000002e0c7e8 method=java.lang.String.equals(Ljava/lang/Object;)Z @ 8
Event: 2.901 Thread 0x000000001af51000 Uncommon trap: reason=class_check action=maybe_recompile pc=0x0000000002e2bb18 method=java.lang.String.equals(Ljava/lang/Object;)Z @ 8
Event: 2.901 Thread 0x000000001af51000 Uncommon trap: reason=class_check action=maybe_recompile pc=0x0000000002e2bb18 method=java.lang.String.equals(Ljava/lang/Object;)Z @ 8
Event: 3.080 Thread 0x000000001af51000 Uncommon trap: reason=class_check action=maybe_recompile pc=0x0000000002e2bb18 method=java.lang.String.equals(Ljava/lang/Object;)Z @ 8
Event: 3.080 Thread 0x000000001af51000 Uncommon trap: reason=class_check action=maybe_recompile pc=0x0000000002e2bb18 method=java.lang.String.equals(Ljava/lang/Object;)Z @ 8

Classes redefined (0 events):
No events

Internal exceptions (10 events):
Event: 0.034 Thread 0x0000000002b93800 Exception <a 'java/lang/NoSuchMethodError': Method sun.misc.Unsafe.prefetchRead(Ljava/lang/Object;J)V name or signature does not match> (0x00000000d5d07f98) thrown at [C:\re\workspace\8-2-build-windows-amd64-cygwin\jdk8u211\12973\hotspot\src\share\vm\prim
Event: 0.147 Thread 0x0000000002b93800 Exception <a 'java/security/PrivilegedActionException'> (0x00000000d6107a68) thrown at [C:\re\workspace\8-2-build-windows-amd64-cygwin\jdk8u211\12973\hotspot\src\share\vm\prims\jvm.cpp, line 1502]
Event: 0.147 Thread 0x0000000002b93800 Exception <a 'java/security/PrivilegedActionException'> (0x00000000d6107c78) thrown at [C:\re\workspace\8-2-build-windows-amd64-cygwin\jdk8u211\12973\hotspot\src\share\vm\prims\jvm.cpp, line 1502]
Event: 0.147 Thread 0x0000000002b93800 Exception <a 'java/security/PrivilegedActionException'> (0x00000000d610bb88) thrown at [C:\re\workspace\8-2-build-windows-amd64-cygwin\jdk8u211\12973\hotspot\src\share\vm\prims\jvm.cpp, line 1502]
Event: 0.147 Thread 0x0000000002b93800 Exception <a 'java/security/PrivilegedActionException'> (0x00000000d610bd98) thrown at [C:\re\workspace\8-2-build-windows-amd64-cygwin\jdk8u211\12973\hotspot\src\share\vm\prims\jvm.cpp, line 1502]
Event: 0.151 Thread 0x0000000002b93800 Exception <a 'java/io/FileNotFoundException'> (0x00000000d6118e88) thrown at [C:\re\workspace\8-2-build-windows-amd64-cygwin\jdk8u211\12973\hotspot\src\share\vm\prims\jni.cpp, line 710]
Event: 0.186 Thread 0x0000000002b93800 Exception <a 'java/lang/NoSuchFieldError': method resolution failed> (0x00000000d62ab680) thrown at [C:\re\workspace\8-2-build-windows-amd64-cygwin\jdk8u211\12973\hotspot\src\share\vm\prims\methodHandles.cpp, line 1167]
Event: 0.189 Thread 0x0000000002b93800 Exception <a 'java/lang/NoSuchFieldError': method resolution failed> (0x00000000d62b9b10) thrown at [C:\re\workspace\8-2-build-windows-amd64-cygwin\jdk8u211\12973\hotspot\src\share\vm\prims\methodHandles.cpp, line 1167]
Event: 0.234 Thread 0x0000000002b93800 Exception <a 'java/io/FileNotFoundException'> (0x00000000d64f07f0) thrown at [C:\re\workspace\8-2-build-windows-amd64-cygwin\jdk8u211\12973\hotspot\src\share\vm\prims\jni.cpp, line 710]
Event: 0.261 Thread 0x0000000002b93800 Implicit null exception at 0x0000000002e0c565 to 0x0000000002e0c7d9

Events (10 events):
Event: 57.759 Executing VM operation: GetOrSetLocal
Event: 57.759 Executing VM operation: GetOrSetLocal done
Event: 57.759 Executing VM operation: GetOrSetLocal
Event: 57.759 Executing VM operation: GetOrSetLocal done
Event: 63.237 Executing VM operation: EnterInterpOnlyMode
Event: 63.237 Executing VM operation: EnterInterpOnlyMode done
Event: 63.237 Executing VM operation: GetCurrentLocation
Event: 63.237 Executing VM operation: GetCurrentLocation done
Event: 63.237 Executing VM operation: ChangeSingleStep
Event: 63.237 Executing VM operation: ChangeSingleStep done


Dynamic libraries:
0x00007ff755520000 - 0x00007ff755557000 	C:\Program Files\Java\jdk1.8.0_211\bin\java.exe
0x00007ffa1c700000 - 0x00007ffa1c8f0000 	C:\Windows\SYSTEM32\ntdll.dll
0x00007ffa1bd10000 - 0x00007ffa1bdc2000 	C:\Windows\System32\KERNEL32.DLL
0x00007ffa19960000 - 0x00007ffa19c03000 	C:\Windows\System32\KERNELBASE.dll
0x00007ffa1b460000 - 0x00007ffa1b503000 	C:\Windows\System32\ADVAPI32.dll
0x00007ffa1b3c0000 - 0x00007ffa1b45e000 	C:\Windows\System32\msvcrt.dll
0x00007ffa1a7c0000 - 0x00007ffa1a857000 	C:\Windows\System32\sechost.dll
0x00007ffa1af90000 - 0x00007ffa1b0b0000 	C:\Windows\System32\RPCRT4.dll
0x00007ffa1b510000 - 0x00007ffa1b6a3000 	C:\Windows\System32\USER32.dll
0x00007ffa19790000 - 0x00007ffa197b1000 	C:\Windows\System32\win32u.dll
0x00007ffa1bdd0000 - 0x00007ffa1bdf6000 	C:\Windows\System32\GDI32.dll
0x00007ffa197c0000 - 0x00007ffa19954000 	C:\Windows\System32\gdi32full.dll
0x00007ffa19dc0000 - 0x00007ffa19e5e000 	C:\Windows\System32\msvcp_win.dll
0x00007ffa1a610000 - 0x00007ffa1a70a000 	C:\Windows\System32\ucrtbase.dll
0x00007ffa12d20000 - 0x00007ffa12fa5000 	C:\Windows\WinSxS\amd64_microsoft.windows.common-controls_6595b64144ccf1df_6.0.18362.175_none_e6c3ab1f131014c9\COMCTL32.dll
0x00007ffa1aa40000 - 0x00007ffa1ad76000 	C:\Windows\System32\combase.dll
0x00007ffa19700000 - 0x00007ffa19781000 	C:\Windows\System32\bcryptPrimitives.dll
0x00007ffa1b270000 - 0x00007ffa1b29e000 	C:\Windows\System32\IMM32.DLL
0x0000000061930000 - 0x0000000061a02000 	C:\Program Files\Java\jdk1.8.0_211\jre\bin\msvcr100.dll
0x0000000061080000 - 0x0000000061925000 	C:\Program Files\Java\jdk1.8.0_211\jre\bin\server\jvm.dll
0x00007ffa1c6a0000 - 0x00007ffa1c6a8000 	C:\Windows\System32\PSAPI.DLL
0x00007ffa16890000 - 0x00007ffa168b4000 	C:\Windows\SYSTEM32\WINMM.dll
0x00007ffa0c150000 - 0x00007ffa0c159000 	C:\Windows\SYSTEM32\WSOCK32.dll
0x00007ffa13a30000 - 0x00007ffa13a3a000 	C:\Windows\SYSTEM32\VERSION.dll
0x00007ffa1b350000 - 0x00007ffa1b3bf000 	C:\Windows\System32\WS2_32.dll
0x00007ffa162a0000 - 0x00007ffa162cd000 	C:\Windows\SYSTEM32\winmmbase.dll
0x00007ffa19690000 - 0x00007ffa196da000 	C:\Windows\System32\cfgmgr32.dll
0x00007ffa17220000 - 0x00007ffa1722f000 	C:\Program Files\Java\jdk1.8.0_211\jre\bin\verify.dll
0x00007ffa0eca0000 - 0x00007ffa0ecc9000 	C:\Program Files\Java\jdk1.8.0_211\jre\bin\java.dll
0x00007ffa15eb0000 - 0x00007ffa15ee5000 	C:\Program Files\Java\jdk1.8.0_211\jre\bin\jdwp.dll
0x00007ffa15b30000 - 0x00007ffa15b38000 	C:\Program Files\Java\jdk1.8.0_211\jre\bin\npt.dll
0x00007ffa09cc0000 - 0x00007ffa09ce3000 	C:\Program Files\Java\jdk1.8.0_211\jre\bin\instrument.dll
0x00007ffa09cf0000 - 0x00007ffa09d06000 	C:\Program Files\Java\jdk1.8.0_211\jre\bin\zip.dll
0x00007ffa1bfc0000 - 0x00007ffa1c6a0000 	C:\Windows\System32\SHELL32.dll
0x00007ffa1bc60000 - 0x00007ffa1bd09000 	C:\Windows\System32\shcore.dll
0x00007ffa19e90000 - 0x00007ffa1a60b000 	C:\Windows\System32\windows.storage.dll
0x00007ffa19670000 - 0x00007ffa1968f000 	C:\Windows\System32\profapi.dll
0x00007ffa195e0000 - 0x00007ffa1962a000 	C:\Windows\System32\powrprof.dll
0x00007ffa195d0000 - 0x00007ffa195e0000 	C:\Windows\System32\UMPDC.dll
0x00007ffa1af30000 - 0x00007ffa1af82000 	C:\Windows\System32\shlwapi.dll
0x00007ffa19650000 - 0x00007ffa19661000 	C:\Windows\System32\kernel.appcore.dll
0x00007ffa196e0000 - 0x00007ffa196f7000 	C:\Windows\System32\cryptsp.dll
0x00007ffa15b20000 - 0x00007ffa15b29000 	C:\Program Files\Java\jdk1.8.0_211\jre\bin\dt_socket.dll
0x00007ffa18de0000 - 0x00007ffa18e47000 	C:\Windows\system32\mswsock.dll
0x00007ffa09a30000 - 0x00007ffa09bc9000 	C:\Program Files\Java\jdk1.8.0_211\jre\bin\awt.dll
0x00007ffa1bb90000 - 0x00007ffa1bc54000 	C:\Windows\System32\OLEAUT32.dll
0x00007ffa177b0000 - 0x00007ffa1783f000 	C:\Windows\SYSTEM32\apphelp.dll
0x00007ffa17cd0000 - 0x00007ffa17cfd000 	C:\Windows\system32\DWMAPI.DLL
0x00007ffa17930000 - 0x00007ffa179c9000 	C:\Windows\system32\uxtheme.dll
0x00007ff9fc400000 - 0x00007ff9fc54f000 	C:\Windows\system32\opengl32.dll
0x00007ff9fc8f0000 - 0x00007ff9fc91c000 	C:\Windows\SYSTEM32\GLU32.dll
0x00007ffa18290000 - 0x00007ffa182b0000 	C:\Windows\SYSTEM32\dxcore.dll
0x00007ffa1b0b0000 - 0x00007ffa1b1e7000 	C:\Windows\System32\MSCTF.dll
0x00007ffa1a8e0000 - 0x00007ffa1aa36000 	C:\Windows\System32\ole32.dll
0x000000001c1b0000 - 0x000000001c220000 	C:\Windows\sigar-amd64-winnt.dll
0x00007ffa155d0000 - 0x00007ffa15618000 	C:\Windows\SYSTEM32\pdh.dll
0x00007ffa12d00000 - 0x00007ffa12d17000 	C:\Windows\SYSTEM32\NETAPI32.dll
0x00007ffa18c50000 - 0x00007ffa18c5c000 	C:\Windows\SYSTEM32\NETUTILS.DLL
0x00007ffa0a7c0000 - 0x00007ffa0a7e6000 	C:\Windows\SYSTEM32\SRVCLI.DLL
0x00007ffa099e0000 - 0x00007ffa09a29000 	C:\Program Files\Java\jdk1.8.0_211\jre\bin\fontmanager.dll
0x00007ffa1b2a0000 - 0x00007ffa1b342000 	C:\Windows\System32\clbcatq.dll
0x00007ffa122e0000 - 0x00007ffa1248f000 	C:\Windows\SYSTEM32\WindowsCodecs.dll
0x00007ffa001d0000 - 0x00007ffa0020a000 	C:\Windows\system32\dataexchange.dll
0x00007ffa168c0000 - 0x00007ffa16b1b000 	C:\Windows\system32\d3d11.dll
0x00007ffa16f80000 - 0x00007ffa1715b000 	C:\Windows\system32\dcomp.dll
0x00007ffa18320000 - 0x00007ffa1840a000 	C:\Windows\system32\dxgi.dll
0x00007ffa17a70000 - 0x00007ffa17cca000 	C:\Windows\system32\twinapi.appcore.dll
0x00007ffa17f80000 - 0x00007ffa17fa9000 	C:\Windows\system32\RMCLIENT.dll
0x00007ffa09ca0000 - 0x00007ffa09cba000 	C:\Program Files\Java\jdk1.8.0_211\jre\bin\net.dll
0x00007ffa0d6c0000 - 0x00007ffa0d894000 	C:\Windows\SYSTEM32\urlmon.dll
0x00007ffa0d330000 - 0x00007ffa0d5d6000 	C:\Windows\SYSTEM32\iertutil.dll
0x00007ffa18fb0000 - 0x00007ffa18fbc000 	C:\Windows\SYSTEM32\CRYPTBASE.DLL
0x00007ffa09c80000 - 0x00007ffa09c92000 	C:\Program Files\Java\jdk1.8.0_211\jre\bin\nio.dll
0x00007ffa026a0000 - 0x00007ffa026e2000 	C:\Program Files\Java\jdk1.8.0_211\jre\bin\t2k.dll
0x00007ffa09420000 - 0x00007ffa094be000 	C:\Windows\System32\TextInputFramework.dll
0x00007ffa12500000 - 0x00007ffa12829000 	C:\Windows\System32\CoreUIComponents.dll
0x00007ffa175a0000 - 0x00007ffa17674000 	C:\Windows\System32\CoreMessaging.dll
0x00007ffa18680000 - 0x00007ffa186b1000 	C:\Windows\SYSTEM32\ntmarta.dll
0x00007ffa14f80000 - 0x00007ffa150d3000 	C:\Windows\SYSTEM32\wintypes.dll
0x00007ffa0ec90000 - 0x00007ffa0ec9e000 	C:\Windows\System32\perfos.dll
0x00007ffa18b40000 - 0x00007ffa18b7a000 	C:\Windows\SYSTEM32\iphlpapi.dll
0x00007ffa1be00000 - 0x00007ffa1be08000 	C:\Windows\System32\NSI.dll
0x00007ffa14790000 - 0x00007ffa147a6000 	C:\Windows\SYSTEM32\dhcpcsvc6.DLL
0x00007ffa14770000 - 0x00007ffa1478c000 	C:\Windows\SYSTEM32\dhcpcsvc.DLL
0x00007ffa18b80000 - 0x00007ffa18c4a000 	C:\Windows\SYSTEM32\DNSAPI.dll
0x00007ffa14260000 - 0x00007ffa1426b000 	C:\Windows\SYSTEM32\WINNSI.DLL
0x00007ffa0bdf0000 - 0x00007ffa0bfe4000 	C:\Windows\SYSTEM32\dbghelp.dll

VM Arguments:
jvm_args: -agentlib:jdwp=transport=dt_socket,address=127.0.0.1:50074,suspend=y,server=n -javaagent:C:\Users\AntonioWM\.IdeaIC2019.1\system\captureAgent\debugger-agent.jar -Dfile.encoding=UTF-8 
java_command: udp.principalS
java_class_path (initial): C:\Program Files\Java\jdk1.8.0_211\jre\lib\charsets.jar;C:\Program Files\Java\jdk1.8.0_211\jre\lib\deploy.jar;C:\Program Files\Java\jdk1.8.0_211\jre\lib\ext\access-bridge-64.jar;C:\Program Files\Java\jdk1.8.0_211\jre\lib\ext\cldrdata.jar;C:\Program Files\Java\jdk1.8.0_211\jre\lib\ext\dnsns.jar;C:\Program Files\Java\jdk1.8.0_211\jre\lib\ext\jaccess.jar;C:\Program Files\Java\jdk1.8.0_211\jre\lib\ext\jfxrt.jar;C:\Program Files\Java\jdk1.8.0_211\jre\lib\ext\localedata.jar;C:\Program Files\Java\jdk1.8.0_211\jre\lib\ext\nashorn.jar;C:\Program Files\Java\jdk1.8.0_211\jre\lib\ext\sunec.jar;C:\Program Files\Java\jdk1.8.0_211\jre\lib\ext\sunjce_provider.jar;C:\Program Files\Java\jdk1.8.0_211\jre\lib\ext\sunmscapi.jar;C:\Program Files\Java\jdk1.8.0_211\jre\lib\ext\sunpkcs11.jar;C:\Program Files\Java\jdk1.8.0_211\jre\lib\ext\zipfs.jar;C:\Program Files\Java\jdk1.8.0_211\jre\lib\javaws.jar;C:\Program Files\Java\jdk1.8.0_211\jre\lib\jce.jar;C:\Program Files\Java\jdk1.8.0_211\jre\lib\jfr.jar;C:\Program Files\Java\jdk1.8.0_211\jre\lib\jfxswt.jar;C:\Program Files\Java\jdk1.8.0_211\jre\lib\jsse.jar;C:\Program Files\Java\jdk1.8.0_211\jre\lib\management-agent.jar;C:\Program Files\Java\jdk1.8.0_211\jre\lib\plugin.jar;C:\Program Files\Java\jdk1.8.0_211\jre\lib\resources.jar;C:\Program Files\Java\jdk1.8.0_211\jre\lib\rt.jar;C:\Users\AntonioWM\IdeaProjects\udp\target\classes;C:\Users\AntonioWM\.m2\repository\org\hyperic\sigar\1.6.4\sigar-1.6.4.jar;C:\Program Files\JetBrains\IntelliJ IDEA Community Edition 2019.1.3\lib\idea_rt.jar;C:\Users\AntonioWM\.IdeaIC2019.1\system\captureAgent\debugger-agent.jar
Launcher Type: SUN_STANDARD

Environment Variables:
JAVA_HOME=C:\Program Files\Java\jdk-12.0.1
PATH=C:\Program Files (x86)\Common Files\Oracle\Java\javapath;C:\Windows\system32;C:\Windows;C:\Windows\System32\Wbem;C:\Windows\System32\WindowsPowerShell\v1.0\;C:\Windows\System32\OpenSSH\;C:\Program Files\Microsoft VS Code\bin;C:\Program Files\dotnet\;C:\Program Files\Microsoft SQL Server\130\Tools\Binn\;C:\Program Files\Microsoft SQL Server\Client SDK\ODBC\170\Tools\Binn\;C:\Program Files\Git\cmd;C:\Program Files (x86)\Microsoft SQL Server\150\DTS\Binn\;C:\Program Files\Java\jdk-12.0.1\bin;C:\Users\AntonioWM\AppData\Local\Microsoft\WindowsApps;
USERNAME=AntonioWM
OS=Windows_NT
PROCESSOR_IDENTIFIER=Intel64 Family 6 Model 60 Stepping 3, GenuineIntel



---------------  S Y S T E M  ---------------

OS: Windows 10.0 , 64 bit Build 18362 (10.0.18362.86)

CPU:total 8 (initial active 8) (4 cores per cpu, 2 threads per core) family 6 model 60 stepping 3, cmov, cx8, fxsr, mmx, sse, sse2, sse3, ssse3, sse4.1, sse4.2, popcnt, avx, avx2, aes, clmul, erms, lzcnt, ht, tsc, tscinvbit, bmi1, bmi2

Memory: 4k page, physical 8294608k(4250376k free), swap 10260688k(5297796k free)

vm_info: Java HotSpot(TM) 64-Bit Server VM (25.211-b12) for windows-amd64 JRE (1.8.0_211-b12), built on Apr  1 2019 20:53:26 by "java_re" with MS VC++ 10.0 (VS2010)

time: Tue Jun 18 14:02:13 2019
timezone: Central Daylight Time (Mexico)
elapsed time: 63 seconds (0d 0h 1m 3s)

