#
# A fatal error has been detected by the Java Runtime Environment:
#
#  EXCEPTION_ACCESS_VIOLATION (0xc0000005) at pc=0x0000000010014ed4, pid=61392, tid=61612
#
# JRE version: Java(TM) SE Runtime Environment (12.0.1+12) (build 12.0.1+12)
# Java VM: Java HotSpot(TM) 64-Bit Server VM (12.0.1+12, mixed mode, sharing, tiered, compressed oops, g1 gc, windows-amd64)
# Problematic frame:
# C  [sigar-amd64-winnt.dll+0x14ed4]
#
# No core dump will be written. Minidumps are not enabled by default on client versions of Windows
#
# If you would like to submit a bug report, please visit:
#   http://bugreport.java.com/bugreport/crash.jsp
# The crash happened outside the Java Virtual Machine in native code.
# See problematic frame for where to report the bug.
#

---------------  S U M M A R Y ------------

Command Line: C:\Users\AntonioWM\IdeaProjects\udp\out\artifacts\udp_jar\udp.jar

Host: Intel(R) Core(TM) i7-4790 CPU @ 3.60GHz, 8 cores, 7G,  Windows 10 , 64 bit Build 18362 (10.0.18362.86)
Time: Tue Jun 18 17:54:55 2019 Central Daylight Time (Mexico) elapsed time: 6 seconds (0d 0h 0m 6s)

---------------  T H R E A D  ---------------

Current thread (0x000002135d814800):  JavaThread "Thread-1" [_thread_in_native, id=61612, stack(0x0000009d09d00000,0x0000009d09e00000)]

Stack: [0x0000009d09d00000,0x0000009d09e00000],  sp=0x0000009d09dfeb70,  free space=1018k
Native frames: (J=compiled Java code, j=interpreted, Vv=VM code, C=native code)
C  [sigar-amd64-winnt.dll+0x14ed4]

Java frames: (J=compiled Java code, j=interpreted, Vv=VM code)
j  org.hyperic.sigar.Mem.gather(Lorg/hyperic/sigar/Sigar;)V+0
j  org.hyperic.sigar.Mem.fetch(Lorg/hyperic/sigar/Sigar;)Lorg/hyperic/sigar/Mem;+10
j  org.hyperic.sigar.Sigar.getMem()Lorg/hyperic/sigar/Mem;+1
j  udp.UDP_Cliente.lambda$EnvioS$3(I)V+23
j  udp.UDP_Cliente$$Lambda$124.run()V+8
j  java.lang.Thread.run()V+11 java.base@12.0.1
v  ~StubRoutines::call_stub

siginfo: EXCEPTION_ACCESS_VIOLATION (0xc0000005), reading address 0x000000005ed511b8


Register to memory mapping:

RIP=0x0000000010014ed4 sigar-amd64-winnt.dll
RAX=0x000000005ed51080 is an unknown value
RBX={method} {0x000002135d1462c8} 'gather' '(Lorg/hyperic/sigar/Sigar;)V' in 'org/hyperic/sigar/Mem'
RCX=0x000002135d814800 is a thread
RDX=0x0000000000000006 is an unknown value
RSP=0x0000009d09dfeb70 is pointing into the stack for thread: 0x000002135d814800
RBP=0x0000009d09dfed00 is pointing into the stack for thread: 0x000002135d814800
RSI=0x0000000000200021 is an unknown value
RDI=0x0000000000000018 is an unknown value
R8 =0x0000000000000004 is an unknown value
R9 =0x0000000801209388 is a pointer to class: 
org.hyperic.sigar.Sigar {0x0000000801209390}
R10=0x00007ff9d3d3b800 jvm.dll
R11=0x000000000000000c is an unknown value
R12=0x0 is NULL
R13=0x000002135d1462b8 is pointing into metadata
R14=0x0000009d09dfed28 is pointing into the stack for thread: 0x000002135d814800
R15=0x000002135d814800 is a thread


Registers:
RAX=0x000000005ed51080, RBX=0x000002135d1462c0, RCX=0x000002135d814800, RDX=0x0000000000000006
RSP=0x0000009d09dfeb70, RBP=0x0000009d09dfed00, RSI=0x0000000000200021, RDI=0x0000000000000018
R8 =0x0000000000000004, R9 =0x0000000801209388, R10=0x00007ff9d3d3b800, R11=0x000000000000000c
R12=0x0000000000000000, R13=0x000002135d1462b8, R14=0x0000009d09dfed28, R15=0x000002135d814800
RIP=0x0000000010014ed4, EFLAGS=0x0000000000010202

Top of Stack: (sp=0x0000009d09dfeb70)
0x0000009d09dfeb70:   000002135d814b30 0000009d09dfed20
0x0000009d09dfeb80:   000002135d814800 0000000000000000
0x0000009d09dfeb90:   000000005ed51080 000002135e4a19f0
0x0000009d09dfeba0:   0000009d09dfed28 000000001001cdb1
0x0000009d09dfebb0:   000002135d814b30 0000009d09dfed20
0x0000009d09dfebc0:   0000000000200021 0000000000000018
0x0000009d09dfebd0:   000002135d1462b8 00007ff9d3ade699
0x0000009d09dfebe0:   0000000000000018 0000009d09dfed28
0x0000009d09dfebf0:   000002135d1462b8 000002135d814800
0x0000009d09dfec00:   000002135e4a15f0 00007ff9d3ce68c3
0x0000009d09dfec10:   0000009d09dff230 000002135ec4a880
0x0000009d09dfec20:   0000000000200021 0000000000200021
0x0000009d09dfec30:   000002135d1462c0 000002135d814800
0x0000009d09dfec40:   0000000000000018 00000213463def40
0x0000009d09dfec50:   000002135e4a1500 000002135d1462c0
0x0000009d09dfec60:   000002135d814800 000002135d147090 

Instructions: (pc=0x0000000010014ed4)
0x0000000010014eb4:   7c 24 20 00 75 15 48 8d 15 df 58 04 00 48 8b 4c
0x0000000010014ec4:   24 40 e8 45 00 00 00 33 c0 eb 32 48 8b 44 24 20
0x0000000010014ed4:   83 b8 38 01 00 00 00 74 1f 48 8b 44 24 20 44 8b
0x0000000010014ee4:   80 38 01 00 00 48 8b 54 24 20 48 8b 4c 24 40 e8 


Stack slot to memory mapping:
stack at sp + 0 slots: 0x000002135d814b30 points into unknown readable memory: e0 1d 36 d4 f9 7f 00 00
stack at sp + 1 slots: 0x0000009d09dfed20 is pointing into the stack for thread: 0x000002135d814800
stack at sp + 2 slots: 0x000002135d814800 is a thread
stack at sp + 3 slots: 0x0 is NULL
stack at sp + 4 slots: 0x000000005ed51080 is an unknown value
stack at sp + 5 slots: 0x000002135e4a19f0 points into unknown readable memory: 02 00 00 00 5f 6a 61 76
stack at sp + 6 slots: 0x0000009d09dfed28 is pointing into the stack for thread: 0x000002135d814800
stack at sp + 7 slots: 0x000000001001cdb1 sigar-amd64-winnt.dll


---------------  P R O C E S S  ---------------

Threads class SMR info:
_java_thread_list=0x000002135d80a350, length=17, elements={
0x000002135cc84000, 0x000002135cc85800, 0x000002135cca1000, 0x000002135cca3000,
0x000002135cca5800, 0x000002135ccad000, 0x000002135ccb0800, 0x000002135d715000,
0x000002135d71f800, 0x000002135d977000, 0x000002135d97b000, 0x000002135d992800,
0x000002135e4c1000, 0x000002133dfc9000, 0x000002135e96b800, 0x000002135ec48800,
0x000002135d814800
}

Java Threads: ( => current thread )
  0x000002135cc84000 JavaThread "Reference Handler" daemon [_thread_blocked, id=61468, stack(0x0000009d08a00000,0x0000009d08b00000)]
  0x000002135cc85800 JavaThread "Finalizer" daemon [_thread_blocked, id=61476, stack(0x0000009d08b00000,0x0000009d08c00000)]
  0x000002135cca1000 JavaThread "Signal Dispatcher" daemon [_thread_blocked, id=61480, stack(0x0000009d08c00000,0x0000009d08d00000)]
  0x000002135cca3000 JavaThread "Attach Listener" daemon [_thread_blocked, id=61488, stack(0x0000009d08d00000,0x0000009d08e00000)]
  0x000002135cca5800 JavaThread "C2 CompilerThread0" daemon [_thread_blocked, id=61492, stack(0x0000009d08e00000,0x0000009d08f00000)]
  0x000002135ccad000 JavaThread "C1 CompilerThread0" daemon [_thread_blocked, id=61500, stack(0x0000009d08f00000,0x0000009d09000000)]
  0x000002135ccb0800 JavaThread "Sweeper thread" daemon [_thread_blocked, id=61504, stack(0x0000009d09000000,0x0000009d09100000)]
  0x000002135d715000 JavaThread "Service Thread" daemon [_thread_blocked, id=61512, stack(0x0000009d09100000,0x0000009d09200000)]
  0x000002135d71f800 JavaThread "Common-Cleaner" daemon [_thread_blocked, id=61524, stack(0x0000009d09300000,0x0000009d09400000)]
  0x000002135d977000 JavaThread "Java2D Disposer" daemon [_thread_blocked, id=61528, stack(0x0000009d09400000,0x0000009d09500000)]
  0x000002135d97b000 JavaThread "AWT-Shutdown" [_thread_blocked, id=61536, stack(0x0000009d09500000,0x0000009d09600000)]
  0x000002135d992800 JavaThread "AWT-Windows" daemon [_thread_in_native, id=61540, stack(0x0000009d09600000,0x0000009d09700000)]
  0x000002135e4c1000 JavaThread "AWT-EventQueue-0" [_thread_blocked, id=61548, stack(0x0000009d09700000,0x0000009d09800000)]
  0x000002133dfc9000 JavaThread "DestroyJavaVM" [_thread_blocked, id=61424, stack(0x0000009d08300000,0x0000009d08400000)]
  0x000002135e96b800 JavaThread "TimerQueue" daemon [_thread_blocked, id=61596, stack(0x0000009d09b00000,0x0000009d09c00000)]
  0x000002135ec48800 JavaThread "Thread-0" [_thread_blocked, id=61608, stack(0x0000009d09c00000,0x0000009d09d00000)]
=>0x000002135d814800 JavaThread "Thread-1" [_thread_in_native, id=61612, stack(0x0000009d09d00000,0x0000009d09e00000)]

Other Threads:
  0x000002135cc7e800 VMThread "VM Thread" [stack: 0x0000009d08900000,0x0000009d08a00000] [id=61464]
  0x000002135d71e800 WatcherThread [stack: 0x0000009d09200000,0x0000009d09300000] [id=61516]
  0x000002133e006800 GCTaskThread "GC Thread#0" [stack: 0x0000009d08400000,0x0000009d08500000] [id=61428]
  0x000002133e014000 ConcurrentGCThread "G1 Main Marker" [stack: 0x0000009d08500000,0x0000009d08600000] [id=61436]
  0x000002133e017000 ConcurrentGCThread "G1 Conc#0" [stack: 0x0000009d08600000,0x0000009d08700000] [id=61444]
  0x000002135cb00800 ConcurrentGCThread "G1 Refine#0" [stack: 0x0000009d08700000,0x0000009d08800000] [id=61452]
  0x000002135cb01000 ConcurrentGCThread "G1 Young RemSet Sampling" [stack: 0x0000009d08800000,0x0000009d08900000] [id=61456]

Threads with active compile tasks:

VM state:not at safepoint (normal execution)

VM Mutex/Monitor currently owned by a thread: None

Heap address: 0x0000000081600000, size: 2026 MB, Compressed Oops mode: 32-bit
Narrow klass base: 0x0000000800000000, Narrow klass shift: 3
Compressed class space size: 1073741824 Address: 0x00000008011a0000

Heap:
 garbage-first heap   total 131072K, used 8192K [0x0000000081600000, 0x0000000100000000)
  region size 1024K, 9 young (9216K), 0 survivors (0K)
 Metaspace       used 8640K, capacity 8939K, committed 9088K, reserved 1056768K
  class space    used 1007K, capacity 1136K, committed 1152K, reserved 1048576K
Heap Regions: E=young(eden), S=young(survivor), O=old, HS=humongous(starts), HC=humongous(continues), CS=collection set, F=free, A=archive, TAMS=top-at-mark-start (previous, next)
|   0|0x0000000081600000, 0x0000000081600000, 0x0000000081700000|  0%| F|  |TAMS 0x0000000081600000, 0x0000000081600000| Untracked 
|   1|0x0000000081700000, 0x0000000081700000, 0x0000000081800000|  0%| F|  |TAMS 0x0000000081700000, 0x0000000081700000| Untracked 
|   2|0x0000000081800000, 0x0000000081800000, 0x0000000081900000|  0%| F|  |TAMS 0x0000000081800000, 0x0000000081800000| Untracked 
|   3|0x0000000081900000, 0x0000000081900000, 0x0000000081a00000|  0%| F|  |TAMS 0x0000000081900000, 0x0000000081900000| Untracked 
|   4|0x0000000081a00000, 0x0000000081a00000, 0x0000000081b00000|  0%| F|  |TAMS 0x0000000081a00000, 0x0000000081a00000| Untracked 
|   5|0x0000000081b00000, 0x0000000081b00000, 0x0000000081c00000|  0%| F|  |TAMS 0x0000000081b00000, 0x0000000081b00000| Untracked 
|   6|0x0000000081c00000, 0x0000000081c00000, 0x0000000081d00000|  0%| F|  |TAMS 0x0000000081c00000, 0x0000000081c00000| Untracked 
|   7|0x0000000081d00000, 0x0000000081d00000, 0x0000000081e00000|  0%| F|  |TAMS 0x0000000081d00000, 0x0000000081d00000| Untracked 
|   8|0x0000000081e00000, 0x0000000081e00000, 0x0000000081f00000|  0%| F|  |TAMS 0x0000000081e00000, 0x0000000081e00000| Untracked 
|   9|0x0000000081f00000, 0x0000000081f00000, 0x0000000082000000|  0%| F|  |TAMS 0x0000000081f00000, 0x0000000081f00000| Untracked 
|  10|0x0000000082000000, 0x0000000082000000, 0x0000000082100000|  0%| F|  |TAMS 0x0000000082000000, 0x0000000082000000| Untracked 
|  11|0x0000000082100000, 0x0000000082100000, 0x0000000082200000|  0%| F|  |TAMS 0x0000000082100000, 0x0000000082100000| Untracked 
|  12|0x0000000082200000, 0x0000000082200000, 0x0000000082300000|  0%| F|  |TAMS 0x0000000082200000, 0x0000000082200000| Untracked 
|  13|0x0000000082300000, 0x0000000082300000, 0x0000000082400000|  0%| F|  |TAMS 0x0000000082300000, 0x0000000082300000| Untracked 
|  14|0x0000000082400000, 0x0000000082400000, 0x0000000082500000|  0%| F|  |TAMS 0x0000000082400000, 0x0000000082400000| Untracked 
|  15|0x0000000082500000, 0x0000000082500000, 0x0000000082600000|  0%| F|  |TAMS 0x0000000082500000, 0x0000000082500000| Untracked 
|  16|0x0000000082600000, 0x0000000082600000, 0x0000000082700000|  0%| F|  |TAMS 0x0000000082600000, 0x0000000082600000| Untracked 
|  17|0x0000000082700000, 0x0000000082700000, 0x0000000082800000|  0%| F|  |TAMS 0x0000000082700000, 0x0000000082700000| Untracked 
|  18|0x0000000082800000, 0x0000000082800000, 0x0000000082900000|  0%| F|  |TAMS 0x0000000082800000, 0x0000000082800000| Untracked 
|  19|0x0000000082900000, 0x0000000082900000, 0x0000000082a00000|  0%| F|  |TAMS 0x0000000082900000, 0x0000000082900000| Untracked 
|  20|0x0000000082a00000, 0x0000000082a00000, 0x0000000082b00000|  0%| F|  |TAMS 0x0000000082a00000, 0x0000000082a00000| Untracked 
|  21|0x0000000082b00000, 0x0000000082b00000, 0x0000000082c00000|  0%| F|  |TAMS 0x0000000082b00000, 0x0000000082b00000| Untracked 
|  22|0x0000000082c00000, 0x0000000082c00000, 0x0000000082d00000|  0%| F|  |TAMS 0x0000000082c00000, 0x0000000082c00000| Untracked 
|  23|0x0000000082d00000, 0x0000000082d00000, 0x0000000082e00000|  0%| F|  |TAMS 0x0000000082d00000, 0x0000000082d00000| Untracked 
|  24|0x0000000082e00000, 0x0000000082e00000, 0x0000000082f00000|  0%| F|  |TAMS 0x0000000082e00000, 0x0000000082e00000| Untracked 
|  25|0x0000000082f00000, 0x0000000082f00000, 0x0000000083000000|  0%| F|  |TAMS 0x0000000082f00000, 0x0000000082f00000| Untracked 
|  26|0x0000000083000000, 0x0000000083000000, 0x0000000083100000|  0%| F|  |TAMS 0x0000000083000000, 0x0000000083000000| Untracked 
|  27|0x0000000083100000, 0x0000000083100000, 0x0000000083200000|  0%| F|  |TAMS 0x0000000083100000, 0x0000000083100000| Untracked 
|  28|0x0000000083200000, 0x0000000083200000, 0x0000000083300000|  0%| F|  |TAMS 0x0000000083200000, 0x0000000083200000| Untracked 
|  29|0x0000000083300000, 0x0000000083300000, 0x0000000083400000|  0%| F|  |TAMS 0x0000000083300000, 0x0000000083300000| Untracked 
|  30|0x0000000083400000, 0x0000000083400000, 0x0000000083500000|  0%| F|  |TAMS 0x0000000083400000, 0x0000000083400000| Untracked 
|  31|0x0000000083500000, 0x0000000083500000, 0x0000000083600000|  0%| F|  |TAMS 0x0000000083500000, 0x0000000083500000| Untracked 
|  32|0x0000000083600000, 0x0000000083600000, 0x0000000083700000|  0%| F|  |TAMS 0x0000000083600000, 0x0000000083600000| Untracked 
|  33|0x0000000083700000, 0x0000000083700000, 0x0000000083800000|  0%| F|  |TAMS 0x0000000083700000, 0x0000000083700000| Untracked 
|  34|0x0000000083800000, 0x0000000083800000, 0x0000000083900000|  0%| F|  |TAMS 0x0000000083800000, 0x0000000083800000| Untracked 
|  35|0x0000000083900000, 0x0000000083900000, 0x0000000083a00000|  0%| F|  |TAMS 0x0000000083900000, 0x0000000083900000| Untracked 
|  36|0x0000000083a00000, 0x0000000083a00000, 0x0000000083b00000|  0%| F|  |TAMS 0x0000000083a00000, 0x0000000083a00000| Untracked 
|  37|0x0000000083b00000, 0x0000000083b00000, 0x0000000083c00000|  0%| F|  |TAMS 0x0000000083b00000, 0x0000000083b00000| Untracked 
|  38|0x0000000083c00000, 0x0000000083c00000, 0x0000000083d00000|  0%| F|  |TAMS 0x0000000083c00000, 0x0000000083c00000| Untracked 
|  39|0x0000000083d00000, 0x0000000083d00000, 0x0000000083e00000|  0%| F|  |TAMS 0x0000000083d00000, 0x0000000083d00000| Untracked 
|  40|0x0000000083e00000, 0x0000000083e00000, 0x0000000083f00000|  0%| F|  |TAMS 0x0000000083e00000, 0x0000000083e00000| Untracked 
|  41|0x0000000083f00000, 0x0000000083f00000, 0x0000000084000000|  0%| F|  |TAMS 0x0000000083f00000, 0x0000000083f00000| Untracked 
|  42|0x0000000084000000, 0x0000000084000000, 0x0000000084100000|  0%| F|  |TAMS 0x0000000084000000, 0x0000000084000000| Untracked 
|  43|0x0000000084100000, 0x0000000084100000, 0x0000000084200000|  0%| F|  |TAMS 0x0000000084100000, 0x0000000084100000| Untracked 
|  44|0x0000000084200000, 0x0000000084200000, 0x0000000084300000|  0%| F|  |TAMS 0x0000000084200000, 0x0000000084200000| Untracked 
|  45|0x0000000084300000, 0x0000000084300000, 0x0000000084400000|  0%| F|  |TAMS 0x0000000084300000, 0x0000000084300000| Untracked 
|  46|0x0000000084400000, 0x0000000084400000, 0x0000000084500000|  0%| F|  |TAMS 0x0000000084400000, 0x0000000084400000| Untracked 
|  47|0x0000000084500000, 0x0000000084500000, 0x0000000084600000|  0%| F|  |TAMS 0x0000000084500000, 0x0000000084500000| Untracked 
|  48|0x0000000084600000, 0x0000000084600000, 0x0000000084700000|  0%| F|  |TAMS 0x0000000084600000, 0x0000000084600000| Untracked 
|  49|0x0000000084700000, 0x0000000084700000, 0x0000000084800000|  0%| F|  |TAMS 0x0000000084700000, 0x0000000084700000| Untracked 
|  50|0x0000000084800000, 0x0000000084800000, 0x0000000084900000|  0%| F|  |TAMS 0x0000000084800000, 0x0000000084800000| Untracked 
|  51|0x0000000084900000, 0x0000000084900000, 0x0000000084a00000|  0%| F|  |TAMS 0x0000000084900000, 0x0000000084900000| Untracked 
|  52|0x0000000084a00000, 0x0000000084a00000, 0x0000000084b00000|  0%| F|  |TAMS 0x0000000084a00000, 0x0000000084a00000| Untracked 
|  53|0x0000000084b00000, 0x0000000084b00000, 0x0000000084c00000|  0%| F|  |TAMS 0x0000000084b00000, 0x0000000084b00000| Untracked 
|  54|0x0000000084c00000, 0x0000000084c00000, 0x0000000084d00000|  0%| F|  |TAMS 0x0000000084c00000, 0x0000000084c00000| Untracked 
|  55|0x0000000084d00000, 0x0000000084d00000, 0x0000000084e00000|  0%| F|  |TAMS 0x0000000084d00000, 0x0000000084d00000| Untracked 
|  56|0x0000000084e00000, 0x0000000084e00000, 0x0000000084f00000|  0%| F|  |TAMS 0x0000000084e00000, 0x0000000084e00000| Untracked 
|  57|0x0000000084f00000, 0x0000000084f00000, 0x0000000085000000|  0%| F|  |TAMS 0x0000000084f00000, 0x0000000084f00000| Untracked 
|  58|0x0000000085000000, 0x0000000085000000, 0x0000000085100000|  0%| F|  |TAMS 0x0000000085000000, 0x0000000085000000| Untracked 
|  59|0x0000000085100000, 0x0000000085100000, 0x0000000085200000|  0%| F|  |TAMS 0x0000000085100000, 0x0000000085100000| Untracked 
|  60|0x0000000085200000, 0x0000000085200000, 0x0000000085300000|  0%| F|  |TAMS 0x0000000085200000, 0x0000000085200000| Untracked 
|  61|0x0000000085300000, 0x0000000085300000, 0x0000000085400000|  0%| F|  |TAMS 0x0000000085300000, 0x0000000085300000| Untracked 
|  62|0x0000000085400000, 0x0000000085400000, 0x0000000085500000|  0%| F|  |TAMS 0x0000000085400000, 0x0000000085400000| Untracked 
|  63|0x0000000085500000, 0x0000000085500000, 0x0000000085600000|  0%| F|  |TAMS 0x0000000085500000, 0x0000000085500000| Untracked 
|  64|0x0000000085600000, 0x0000000085600000, 0x0000000085700000|  0%| F|  |TAMS 0x0000000085600000, 0x0000000085600000| Untracked 
|  65|0x0000000085700000, 0x0000000085700000, 0x0000000085800000|  0%| F|  |TAMS 0x0000000085700000, 0x0000000085700000| Untracked 
|  66|0x0000000085800000, 0x0000000085800000, 0x0000000085900000|  0%| F|  |TAMS 0x0000000085800000, 0x0000000085800000| Untracked 
|  67|0x0000000085900000, 0x0000000085900000, 0x0000000085a00000|  0%| F|  |TAMS 0x0000000085900000, 0x0000000085900000| Untracked 
|  68|0x0000000085a00000, 0x0000000085a00000, 0x0000000085b00000|  0%| F|  |TAMS 0x0000000085a00000, 0x0000000085a00000| Untracked 
|  69|0x0000000085b00000, 0x0000000085b00000, 0x0000000085c00000|  0%| F|  |TAMS 0x0000000085b00000, 0x0000000085b00000| Untracked 
|  70|0x0000000085c00000, 0x0000000085c00000, 0x0000000085d00000|  0%| F|  |TAMS 0x0000000085c00000, 0x0000000085c00000| Untracked 
|  71|0x0000000085d00000, 0x0000000085d00000, 0x0000000085e00000|  0%| F|  |TAMS 0x0000000085d00000, 0x0000000085d00000| Untracked 
|  72|0x0000000085e00000, 0x0000000085e00000, 0x0000000085f00000|  0%| F|  |TAMS 0x0000000085e00000, 0x0000000085e00000| Untracked 
|  73|0x0000000085f00000, 0x0000000085f00000, 0x0000000086000000|  0%| F|  |TAMS 0x0000000085f00000, 0x0000000085f00000| Untracked 
|  74|0x0000000086000000, 0x0000000086000000, 0x0000000086100000|  0%| F|  |TAMS 0x0000000086000000, 0x0000000086000000| Untracked 
|  75|0x0000000086100000, 0x0000000086100000, 0x0000000086200000|  0%| F|  |TAMS 0x0000000086100000, 0x0000000086100000| Untracked 
|  76|0x0000000086200000, 0x0000000086200000, 0x0000000086300000|  0%| F|  |TAMS 0x0000000086200000, 0x0000000086200000| Untracked 
|  77|0x0000000086300000, 0x0000000086300000, 0x0000000086400000|  0%| F|  |TAMS 0x0000000086300000, 0x0000000086300000| Untracked 
|  78|0x0000000086400000, 0x0000000086400000, 0x0000000086500000|  0%| F|  |TAMS 0x0000000086400000, 0x0000000086400000| Untracked 
|  79|0x0000000086500000, 0x0000000086500000, 0x0000000086600000|  0%| F|  |TAMS 0x0000000086500000, 0x0000000086500000| Untracked 
|  80|0x0000000086600000, 0x0000000086600000, 0x0000000086700000|  0%| F|  |TAMS 0x0000000086600000, 0x0000000086600000| Untracked 
|  81|0x0000000086700000, 0x0000000086700000, 0x0000000086800000|  0%| F|  |TAMS 0x0000000086700000, 0x0000000086700000| Untracked 
|  82|0x0000000086800000, 0x0000000086800000, 0x0000000086900000|  0%| F|  |TAMS 0x0000000086800000, 0x0000000086800000| Untracked 
|  83|0x0000000086900000, 0x0000000086900000, 0x0000000086a00000|  0%| F|  |TAMS 0x0000000086900000, 0x0000000086900000| Untracked 
|  84|0x0000000086a00000, 0x0000000086a00000, 0x0000000086b00000|  0%| F|  |TAMS 0x0000000086a00000, 0x0000000086a00000| Untracked 
|  85|0x0000000086b00000, 0x0000000086b00000, 0x0000000086c00000|  0%| F|  |TAMS 0x0000000086b00000, 0x0000000086b00000| Untracked 
|  86|0x0000000086c00000, 0x0000000086c00000, 0x0000000086d00000|  0%| F|  |TAMS 0x0000000086c00000, 0x0000000086c00000| Untracked 
|  87|0x0000000086d00000, 0x0000000086d00000, 0x0000000086e00000|  0%| F|  |TAMS 0x0000000086d00000, 0x0000000086d00000| Untracked 
|  88|0x0000000086e00000, 0x0000000086e00000, 0x0000000086f00000|  0%| F|  |TAMS 0x0000000086e00000, 0x0000000086e00000| Untracked 
|  89|0x0000000086f00000, 0x0000000086f00000, 0x0000000087000000|  0%| F|  |TAMS 0x0000000086f00000, 0x0000000086f00000| Untracked 
|  90|0x0000000087000000, 0x0000000087000000, 0x0000000087100000|  0%| F|  |TAMS 0x0000000087000000, 0x0000000087000000| Untracked 
|  91|0x0000000087100000, 0x0000000087100000, 0x0000000087200000|  0%| F|  |TAMS 0x0000000087100000, 0x0000000087100000| Untracked 
|  92|0x0000000087200000, 0x0000000087200000, 0x0000000087300000|  0%| F|  |TAMS 0x0000000087200000, 0x0000000087200000| Untracked 
|  93|0x0000000087300000, 0x0000000087300000, 0x0000000087400000|  0%| F|  |TAMS 0x0000000087300000, 0x0000000087300000| Untracked 
|  94|0x0000000087400000, 0x0000000087400000, 0x0000000087500000|  0%| F|  |TAMS 0x0000000087400000, 0x0000000087400000| Untracked 
|  95|0x0000000087500000, 0x0000000087500000, 0x0000000087600000|  0%| F|  |TAMS 0x0000000087500000, 0x0000000087500000| Untracked 
|  96|0x0000000087600000, 0x0000000087600000, 0x0000000087700000|  0%| F|  |TAMS 0x0000000087600000, 0x0000000087600000| Untracked 
|  97|0x0000000087700000, 0x0000000087700000, 0x0000000087800000|  0%| F|  |TAMS 0x0000000087700000, 0x0000000087700000| Untracked 
|  98|0x0000000087800000, 0x0000000087800000, 0x0000000087900000|  0%| F|  |TAMS 0x0000000087800000, 0x0000000087800000| Untracked 
|  99|0x0000000087900000, 0x0000000087900000, 0x0000000087a00000|  0%| F|  |TAMS 0x0000000087900000, 0x0000000087900000| Untracked 
| 100|0x0000000087a00000, 0x0000000087a00000, 0x0000000087b00000|  0%| F|  |TAMS 0x0000000087a00000, 0x0000000087a00000| Untracked 
| 101|0x0000000087b00000, 0x0000000087b00000, 0x0000000087c00000|  0%| F|  |TAMS 0x0000000087b00000, 0x0000000087b00000| Untracked 
| 102|0x0000000087c00000, 0x0000000087c00000, 0x0000000087d00000|  0%| F|  |TAMS 0x0000000087c00000, 0x0000000087c00000| Untracked 
| 103|0x0000000087d00000, 0x0000000087d00000, 0x0000000087e00000|  0%| F|  |TAMS 0x0000000087d00000, 0x0000000087d00000| Untracked 
| 104|0x0000000087e00000, 0x0000000087e00000, 0x0000000087f00000|  0%| F|  |TAMS 0x0000000087e00000, 0x0000000087e00000| Untracked 
| 105|0x0000000087f00000, 0x0000000087f00000, 0x0000000088000000|  0%| F|  |TAMS 0x0000000087f00000, 0x0000000087f00000| Untracked 
| 106|0x0000000088000000, 0x0000000088000000, 0x0000000088100000|  0%| F|  |TAMS 0x0000000088000000, 0x0000000088000000| Untracked 
| 107|0x0000000088100000, 0x0000000088100000, 0x0000000088200000|  0%| F|  |TAMS 0x0000000088100000, 0x0000000088100000| Untracked 
| 108|0x0000000088200000, 0x0000000088200000, 0x0000000088300000|  0%| F|  |TAMS 0x0000000088200000, 0x0000000088200000| Untracked 
| 109|0x0000000088300000, 0x0000000088300000, 0x0000000088400000|  0%| F|  |TAMS 0x0000000088300000, 0x0000000088300000| Untracked 
| 110|0x0000000088400000, 0x0000000088400000, 0x0000000088500000|  0%| F|  |TAMS 0x0000000088400000, 0x0000000088400000| Untracked 
| 111|0x0000000088500000, 0x0000000088500000, 0x0000000088600000|  0%| F|  |TAMS 0x0000000088500000, 0x0000000088500000| Untracked 
| 112|0x0000000088600000, 0x0000000088600000, 0x0000000088700000|  0%| F|  |TAMS 0x0000000088600000, 0x0000000088600000| Untracked 
| 113|0x0000000088700000, 0x0000000088700000, 0x0000000088800000|  0%| F|  |TAMS 0x0000000088700000, 0x0000000088700000| Untracked 
| 114|0x0000000088800000, 0x0000000088800000, 0x0000000088900000|  0%| F|  |TAMS 0x0000000088800000, 0x0000000088800000| Untracked 
| 115|0x0000000088900000, 0x0000000088900000, 0x0000000088a00000|  0%| F|  |TAMS 0x0000000088900000, 0x0000000088900000| Untracked 
| 116|0x0000000088a00000, 0x0000000088a00000, 0x0000000088b00000|  0%| F|  |TAMS 0x0000000088a00000, 0x0000000088a00000| Untracked 
| 117|0x0000000088b00000, 0x0000000088b00000, 0x0000000088c00000|  0%| F|  |TAMS 0x0000000088b00000, 0x0000000088b00000| Untracked 
| 118|0x0000000088c00000, 0x0000000088c00000, 0x0000000088d00000|  0%| F|  |TAMS 0x0000000088c00000, 0x0000000088c00000| Untracked 
| 119|0x0000000088d00000, 0x0000000088df6468, 0x0000000088e00000| 96%| E|  |TAMS 0x0000000088d00000, 0x0000000088d00000| Complete 
| 120|0x0000000088e00000, 0x0000000088f00000, 0x0000000088f00000|100%| E|CS|TAMS 0x0000000088e00000, 0x0000000088e00000| Complete 
| 121|0x0000000088f00000, 0x0000000089000000, 0x0000000089000000|100%| E|CS|TAMS 0x0000000088f00000, 0x0000000088f00000| Complete 
| 122|0x0000000089000000, 0x0000000089100000, 0x0000000089100000|100%| E|CS|TAMS 0x0000000089000000, 0x0000000089000000| Complete 
| 123|0x0000000089100000, 0x0000000089200000, 0x0000000089200000|100%| E|CS|TAMS 0x0000000089100000, 0x0000000089100000| Complete 
| 124|0x0000000089200000, 0x0000000089300000, 0x0000000089300000|100%| E|CS|TAMS 0x0000000089200000, 0x0000000089200000| Complete 
| 125|0x0000000089300000, 0x0000000089400000, 0x0000000089400000|100%| E|CS|TAMS 0x0000000089300000, 0x0000000089300000| Complete 
| 126|0x0000000089400000, 0x0000000089500000, 0x0000000089500000|100%| E|CS|TAMS 0x0000000089400000, 0x0000000089400000| Complete 
| 127|0x0000000089500000, 0x0000000089600000, 0x0000000089600000|100%| E|CS|TAMS 0x0000000089500000, 0x0000000089500000| Complete 

Card table byte_map: [0x0000021355b00000,0x0000021355f00000] _byte_map_base: 0x00000213556f5000

Marking Bits (Prev, Next): (CMBitMap*) 0x000002133e007848, (CMBitMap*) 0x000002133e007888
 Prev Bits: [0x0000021356300000, 0x00000213582a8000)
 Next Bits: [0x00000213582b0000, 0x000002135a258000)

Polling page: 0x000002133bf90000

Metaspace:

Usage:
  Non-class:      7.62 MB capacity,     7.45 MB ( 98%) used,   144.53 KB (  2%) free+waste,    25.88 KB ( <1%) overhead. 
      Class:      1.11 MB capacity,  1007.56 KB ( 89%) used,   112.69 KB ( 10%) free+waste,    15.75 KB (  1%) overhead. 
       Both:      8.73 MB capacity,     8.44 MB ( 97%) used,   257.22 KB (  3%) free+waste,    41.63 KB ( <1%) overhead. 

Virtual space:
  Non-class space:        8.00 MB reserved,       7.75 MB ( 97%) committed 
      Class space:        1.00 GB reserved,       1.13 MB ( <1%) committed 
             Both:        1.01 GB reserved,       8.88 MB ( <1%) committed 

Chunk freelists:
   Non-Class:  640 bytes
       Class:  2.00 KB
        Both:  2.63 KB

CodeHeap 'non-profiled nmethods': size=120000Kb used=268Kb max_used=268Kb free=119731Kb
 bounds [0x000002134dea0000, 0x000002134e110000, 0x00000213553d0000]
CodeHeap 'profiled nmethods': size=120000Kb used=1496Kb max_used=1496Kb free=118504Kb
 bounds [0x0000021346970000, 0x0000021346be0000, 0x000002134dea0000]
CodeHeap 'non-nmethods': size=5760Kb used=1227Kb max_used=1254Kb free=4532Kb
 bounds [0x00000213463d0000, 0x0000021346640000, 0x0000021346970000]
 total_blobs=1600 nmethods=908 adapters=503
 compilation: enabled
              stopped_count=0, restarted_count=0
 full_count=0

Compilation events (10 events):
Event: 6.896 Thread 0x000002135cca5800  902       4       java.lang.String::equals (65 bytes)
Event: 6.897 Thread 0x000002135ccad000  903       1       java.awt.geom.AffineTransform::getTranslateX (5 bytes)
Event: 6.897 Thread 0x000002135ccad000 nmethod 903 0x000002134dee2390 code [0x000002134dee2540, 0x000002134dee2678]
Event: 6.897 Thread 0x000002135ccad000  904       1       java.awt.geom.AffineTransform::getTranslateY (5 bytes)
Event: 6.897 Thread 0x000002135ccad000 nmethod 904 0x000002134dee2710 code [0x000002134dee28c0, 0x000002134dee29f8]
Event: 6.897 Thread 0x000002135ccad000  905   !   3       javax.swing.UIManager::getLAFState (61 bytes)
Event: 6.897 Thread 0x000002135cca5800 nmethod 902 0x000002134dee2a90 code [0x000002134dee2c40, 0x000002134dee2e38]
Event: 6.898 Thread 0x000002135ccad000 nmethod 905 0x0000021346ae4910 code [0x0000021346ae4b80, 0x0000021346ae5450]
Event: 6.900 Thread 0x000002135ccad000  906       3       java.util.Properties::getProperty (50 bytes)
Event: 6.900 Thread 0x000002135ccad000 nmethod 906 0x0000021346ae5790 code [0x0000021346ae5980, 0x0000021346ae5ec0]

GC Heap History (0 events):
No events

Deoptimization events (4 events):
Event: 2.306 Thread 0x000002135e4c1000 Uncommon trap: reason=class_check action=maybe_recompile pc=0x000002134deb9818 method=java.lang.String.equals(Ljava/lang/Object;)Z @ 8 c2
Event: 2.306 Thread 0x000002135e4c1000 Uncommon trap: reason=class_check action=maybe_recompile pc=0x000002134deb9818 method=java.lang.String.equals(Ljava/lang/Object;)Z @ 8 c2
Event: 2.508 Thread 0x000002135e4c1000 Uncommon trap: reason=class_check action=maybe_recompile pc=0x000002134deb9818 method=java.lang.String.equals(Ljava/lang/Object;)Z @ 8 c2
Event: 2.508 Thread 0x000002135e4c1000 Uncommon trap: reason=class_check action=maybe_recompile pc=0x000002134deb9818 method=java.lang.String.equals(Ljava/lang/Object;)Z @ 8 c2

Classes redefined (0 events):
No events

Internal exceptions (10 events):
Event: 0.127 Thread 0x000002135d992800 Exception <a 'java/lang/NoSuchMethodError'{0x00000000893fb2b8}: java.lang.invoke.DirectMethodHandle$Holder.invokeSpecial(Ljava/lang/Object;Ljava/lang/Object;)V> (0x00000000893fb2b8) thrown at [t:/workspace/open/src/hotspot/share/interpreter/linkResolver.c
Event: 0.129 Thread 0x000002133dfc9000 Exception <a 'java/lang/NoSuchMethodError'{0x00000000893b9f68}: java.lang.invoke.DirectMethodHandle$Holder.invokeStatic(Ljava/lang/Object;Ljava/lang/Object;Ljava/lang/Object;Ljava/lang/Object;Ljava/lang/Object;Ljava/lang/Object;Ljava/lang/Object;J)Ljava/l
Event: 0.154 Thread 0x000002133dfc9000 Exception <a 'java/lang/NoSuchMethodError'{0x0000000089271918}: java.lang.invoke.DirectMethodHandle$Holder.invokeStatic(Ljava/lang/Object;ILjava/lang/Object;Ljava/lang/Object;Ljava/lang/Object;Ljava/lang/Object;)Ljava/lang/Object;> (0x0000000089271918) th
Event: 0.155 Thread 0x000002133dfc9000 Exception <a 'java/lang/NoSuchMethodError'{0x0000000089278538}: java.lang.invoke.DirectMethodHandle$Holder.invokeStatic(Ljava/lang/Object;ILjava/lang/Object;Ljava/lang/Object;Ljava/lang/Object;)Ljava/lang/Object;> (0x0000000089278538) thrown at [t:/worksp
Event: 0.155 Thread 0x000002133dfc9000 Exception <a 'java/lang/NoSuchMethodError'{0x000000008927bfd0}: java.lang.invoke.DirectMethodHandle$Holder.invokeSpecial(Ljava/lang/Object;Ljava/lang/Object;ILjava/lang/Object;Ljava/lang/Object;Ljava/lang/Object;)Ljava/lang/Object;> (0x000000008927bfd0) t
Event: 0.170 Thread 0x000002133dfc9000 Exception <a 'java/lang/ClassNotFoundException'{0x000000008913b080}: com/sun/swing/internal/plaf/metal/resources/spi/metalProvider> (0x000000008913b080) thrown at [t:/workspace/open/src/hotspot/share/classfile/systemDictionary.cpp, line 235]
Event: 0.170 Thread 0x000002133dfc9000 Exception <a 'java/lang/ClassNotFoundException'{0x000000008913f610}: com/sun/swing/internal/plaf/basic/resources/spi/basicProvider> (0x000000008913f610) thrown at [t:/workspace/open/src/hotspot/share/classfile/systemDictionary.cpp, line 235]
Event: 0.218 Thread 0x000002133dfc9000 Exception <a 'java/lang/NoSuchMethodError'{0x000000008908b7c0}: java.lang.invoke.DirectMethodHandle$Holder.invokeStaticInit(Ljava/lang/Object;)V> (0x000000008908b7c0) thrown at [t:/workspace/open/src/hotspot/share/interpreter/linkResolver.cpp, line 777]
Event: 0.236 Thread 0x000002133dfc9000 Exception <a 'java/lang/NoSuchMethodError'{0x0000000088f00e98}: java.lang.invoke.Invokers$Holder.linkToTargetMethod(Ljava/lang/Object;ILjava/lang/Object;)Ljava/lang/Object;> (0x0000000088f00e98) thrown at [t:/workspace/open/src/hotspot/share/interpreter/l
Event: 6.901 Thread 0x000002135ec48800 Exception <a 'java/lang/NoSuchMethodError'{0x0000000088d07018}: java.lang.invoke.DirectMethodHandle$Holder.invokeSpecial(Ljava/lang/Object;Ljava/lang/Object;I)V> (0x0000000088d07018) thrown at [t:/workspace/open/src/hotspot/share/interpreter/linkResolver.

Events (10 events):
Event: 6.901 Executing VM operation: RevokeBias done
Event: 6.901 loading class udp/UDP_Cliente
Event: 6.901 loading class udp/UDP_Cliente done
Event: 6.901 Executing VM operation: RevokeBias
Event: 6.901 Executing VM operation: RevokeBias done
Event: 6.901 Thread 0x000002135d814800 Thread added: 0x000002135d814800
Event: 6.902 Executing VM operation: RevokeBias
Event: 6.902 Executing VM operation: RevokeBias done
Event: 6.902 loading class org/hyperic/sigar/Mem
Event: 6.902 loading class org/hyperic/sigar/Mem done


Dynamic libraries:
0x00007ff75dbe0000 - 0x00007ff75dbef000 	C:\Program Files\Java\jdk-12.0.1\bin\javaw.exe
0x00007ffa1c700000 - 0x00007ffa1c8f0000 	C:\Windows\SYSTEM32\ntdll.dll
0x00007ffa1bd10000 - 0x00007ffa1bdc2000 	C:\Windows\System32\KERNEL32.DLL
0x00007ffa19960000 - 0x00007ffa19c03000 	C:\Windows\System32\KERNELBASE.dll
0x00007ffa1a610000 - 0x00007ffa1a70a000 	C:\Windows\System32\ucrtbase.dll
0x00007ffa09a70000 - 0x00007ffa09a88000 	C:\Program Files\Java\jdk-12.0.1\bin\jli.dll
0x00007ffa09a50000 - 0x00007ffa09a66000 	C:\Program Files\Java\jdk-12.0.1\bin\VCRUNTIME140.dll
0x00007ffa1b460000 - 0x00007ffa1b503000 	C:\Windows\System32\ADVAPI32.dll
0x00007ffa1b3c0000 - 0x00007ffa1b45e000 	C:\Windows\System32\msvcrt.dll
0x00007ffa1a7c0000 - 0x00007ffa1a857000 	C:\Windows\System32\sechost.dll
0x00007ffa1af90000 - 0x00007ffa1b0b0000 	C:\Windows\System32\RPCRT4.dll
0x00007ffa1b510000 - 0x00007ffa1b6a3000 	C:\Windows\System32\USER32.dll
0x00007ffa12d20000 - 0x00007ffa12fa5000 	C:\Windows\WinSxS\amd64_microsoft.windows.common-controls_6595b64144ccf1df_6.0.18362.175_none_e6c3ab1f131014c9\COMCTL32.dll
0x00007ffa19790000 - 0x00007ffa197b1000 	C:\Windows\System32\win32u.dll
0x00007ffa1aa40000 - 0x00007ffa1ad76000 	C:\Windows\System32\combase.dll
0x00007ffa1bdd0000 - 0x00007ffa1bdf6000 	C:\Windows\System32\GDI32.dll
0x00007ffa197c0000 - 0x00007ffa19954000 	C:\Windows\System32\gdi32full.dll
0x00007ffa19700000 - 0x00007ffa19781000 	C:\Windows\System32\bcryptPrimitives.dll
0x00007ffa19dc0000 - 0x00007ffa19e5e000 	C:\Windows\System32\msvcp_win.dll
0x00007ffa13a30000 - 0x00007ffa13a3a000 	C:\Windows\SYSTEM32\VERSION.dll
0x00007ffa1b270000 - 0x00007ffa1b29e000 	C:\Windows\System32\IMM32.DLL
0x00007ff9e7980000 - 0x00007ff9e7a2a000 	C:\Program Files\Java\jdk-12.0.1\bin\msvcp140.dll
0x00007ff9d3950000 - 0x00007ff9d44c4000 	C:\Program Files\Java\jdk-12.0.1\bin\server\jvm.dll
0x00007ffa1c6a0000 - 0x00007ffa1c6a8000 	C:\Windows\System32\PSAPI.DLL
0x00007ffa0c150000 - 0x00007ffa0c159000 	C:\Windows\SYSTEM32\WSOCK32.dll
0x00007ffa16890000 - 0x00007ffa168b4000 	C:\Windows\SYSTEM32\WINMM.dll
0x00007ffa1b350000 - 0x00007ffa1b3bf000 	C:\Windows\System32\WS2_32.dll
0x00007ffa162a0000 - 0x00007ffa162cd000 	C:\Windows\SYSTEM32\winmmbase.dll
0x00007ffa19690000 - 0x00007ffa196da000 	C:\Windows\System32\cfgmgr32.dll
0x00007ffa19650000 - 0x00007ffa19661000 	C:\Windows\System32\kernel.appcore.dll
0x00007ffa096f0000 - 0x00007ffa09701000 	C:\Program Files\Java\jdk-12.0.1\bin\verify.dll
0x00007ffa0bdf0000 - 0x00007ffa0bfe4000 	C:\Windows\SYSTEM32\DBGHELP.DLL
0x00007ffa0bdc0000 - 0x00007ffa0bdea000 	C:\Windows\SYSTEM32\dbgcore.DLL
0x00007ffa01d70000 - 0x00007ffa01d96000 	C:\Program Files\Java\jdk-12.0.1\bin\java.dll
0x00007ffa09670000 - 0x00007ffa09687000 	C:\Program Files\Java\jdk-12.0.1\bin\zip.dll
0x00007ffa15ee0000 - 0x00007ffa15eea000 	C:\Program Files\Java\jdk-12.0.1\bin\jimage.dll
0x00007ffa1bfc0000 - 0x00007ffa1c6a0000 	C:\Windows\System32\SHELL32.dll
0x00007ffa1bc60000 - 0x00007ffa1bd09000 	C:\Windows\System32\shcore.dll
0x00007ffa19e90000 - 0x00007ffa1a60b000 	C:\Windows\System32\windows.storage.dll
0x00007ffa19670000 - 0x00007ffa1968f000 	C:\Windows\System32\profapi.dll
0x00007ffa195e0000 - 0x00007ffa1962a000 	C:\Windows\System32\powrprof.dll
0x00007ffa195d0000 - 0x00007ffa195e0000 	C:\Windows\System32\UMPDC.dll
0x00007ffa1af30000 - 0x00007ffa1af82000 	C:\Windows\System32\shlwapi.dll
0x00007ffa196e0000 - 0x00007ffa196f7000 	C:\Windows\System32\cryptsp.dll
0x00007ffa06cd0000 - 0x00007ffa06ce9000 	C:\Program Files\Java\jdk-12.0.1\bin\net.dll
0x00007ffa0d6c0000 - 0x00007ffa0d894000 	C:\Windows\SYSTEM32\urlmon.dll
0x00007ffa13920000 - 0x00007ffa13a0f000 	C:\Windows\SYSTEM32\WINHTTP.dll
0x00007ffa0d330000 - 0x00007ffa0d5d6000 	C:\Windows\SYSTEM32\iertutil.dll
0x00007ffa18fb0000 - 0x00007ffa18fbc000 	C:\Windows\SYSTEM32\CRYPTBASE.DLL
0x00007ffa18de0000 - 0x00007ffa18e47000 	C:\Windows\system32\mswsock.dll
0x00007ffa044a0000 - 0x00007ffa044b3000 	C:\Program Files\Java\jdk-12.0.1\bin\nio.dll
0x00007ff9d58e0000 - 0x00007ff9d5a7f000 	C:\Program Files\Java\jdk-12.0.1\bin\awt.dll
0x00007ffa1bb90000 - 0x00007ffa1bc54000 	C:\Windows\System32\OLEAUT32.dll
0x00007ffa162d0000 - 0x00007ffa16890000 	C:\Windows\SYSTEM32\d2d1.dll
0x00007ffa177b0000 - 0x00007ffa1783f000 	C:\Windows\SYSTEM32\apphelp.dll
0x00007ffa17cd0000 - 0x00007ffa17cfd000 	C:\Windows\system32\DWMAPI.DLL
0x00007ffa17930000 - 0x00007ffa179c9000 	C:\Windows\system32\uxtheme.dll
0x00007ff9fc400000 - 0x00007ff9fc54f000 	C:\Windows\system32\opengl32.dll
0x00007ff9fc8f0000 - 0x00007ff9fc91c000 	C:\Windows\SYSTEM32\GLU32.dll
0x00007ffa18290000 - 0x00007ffa182b0000 	C:\Windows\SYSTEM32\dxcore.dll
0x00007ffa1b0b0000 - 0x00007ffa1b1e7000 	C:\Windows\System32\MSCTF.dll
0x00007ffa1a8e0000 - 0x00007ffa1aa36000 	C:\Windows\System32\ole32.dll
0x0000000010000000 - 0x0000000010070000 	C:\Windows\sigar-amd64-winnt.dll
0x00007ffa155d0000 - 0x00007ffa15618000 	C:\Windows\SYSTEM32\pdh.dll
0x00007ffa12d00000 - 0x00007ffa12d17000 	C:\Windows\SYSTEM32\NETAPI32.dll
0x00007ffa18c50000 - 0x00007ffa18c5c000 	C:\Windows\SYSTEM32\NETUTILS.DLL
0x00007ffa0a7c0000 - 0x00007ffa0a7e6000 	C:\Windows\SYSTEM32\SRVCLI.DLL
0x00007ff9f3700000 - 0x00007ff9f3780000 	C:\Program Files\Java\jdk-12.0.1\bin\freetype.dll
0x00007ff9ebdc0000 - 0x00007ff9ebe2f000 	C:\Program Files\Java\jdk-12.0.1\bin\fontmanager.dll
0x00007ffa1b2a0000 - 0x00007ffa1b342000 	C:\Windows\System32\clbcatq.dll
0x00007ffa122e0000 - 0x00007ffa1248f000 	C:\Windows\SYSTEM32\WindowsCodecs.dll
0x00007ffa001d0000 - 0x00007ffa0020a000 	C:\Windows\system32\dataexchange.dll
0x00007ffa16f80000 - 0x00007ffa1715b000 	C:\Windows\system32\dcomp.dll
0x00007ffa168c0000 - 0x00007ffa16b1b000 	C:\Windows\system32\d3d11.dll
0x00007ffa18320000 - 0x00007ffa1840a000 	C:\Windows\system32\dxgi.dll
0x00007ffa17a70000 - 0x00007ffa17cca000 	C:\Windows\system32\twinapi.appcore.dll
0x00007ffa17f80000 - 0x00007ffa17fa9000 	C:\Windows\system32\RMCLIENT.dll
0x00007ffa09420000 - 0x00007ffa094be000 	C:\Windows\System32\TextInputFramework.dll
0x00007ffa12500000 - 0x00007ffa12829000 	C:\Windows\System32\CoreUIComponents.dll
0x00007ffa175a0000 - 0x00007ffa17674000 	C:\Windows\System32\CoreMessaging.dll
0x00007ffa18680000 - 0x00007ffa186b1000 	C:\Windows\SYSTEM32\ntmarta.dll
0x00007ffa14f80000 - 0x00007ffa150d3000 	C:\Windows\SYSTEM32\wintypes.dll

dbghelp: loaded successfully - version: 4.0.5 - missing functions: none
symbol engine: initialized successfully - sym options: 0x614 - pdb path: .;C:\Program Files\Java\jdk-12.0.1\bin;C:\Windows\SYSTEM32;C:\Windows\WinSxS\amd64_microsoft.windows.common-controls_6595b64144ccf1df_6.0.18362.175_none_e6c3ab1f131014c9;C:\Program Files\Java\jdk-12.0.1\bin\server;C:\Windows

VM Arguments:
java_command: C:\Users\AntonioWM\IdeaProjects\udp\out\artifacts\udp_jar\udp.jar
java_class_path (initial): C:\Users\AntonioWM\IdeaProjects\udp\out\artifacts\udp_jar\udp.jar
Launcher Type: SUN_STANDARD

[Global flags]
     intx CICompilerCount                          = 4                                         {product} {ergonomic}
     uint ConcGCThreads                            = 2                                         {product} {ergonomic}
     uint G1ConcRefinementThreads                  = 8                                         {product} {ergonomic}
   size_t G1HeapRegionSize                         = 1048576                                   {product} {ergonomic}
    uintx GCDrainStackTargetSize                   = 64                                        {product} {ergonomic}
   size_t InitialHeapSize                          = 134217728                                 {product} {ergonomic}
   size_t MarkStackSize                            = 4194304                                   {product} {ergonomic}
   size_t MaxHeapSize                              = 2124414976                                {product} {ergonomic}
   size_t MaxNewSize                               = 1274019840                                {product} {ergonomic}
   size_t MinHeapDeltaBytes                        = 1048576                                   {product} {ergonomic}
    uintx NonNMethodCodeHeapSize                   = 5836300                                {pd product} {ergonomic}
    uintx NonProfiledCodeHeapSize                  = 122910970                              {pd product} {ergonomic}
    uintx ProfiledCodeHeapSize                     = 122910970                              {pd product} {ergonomic}
    uintx ReservedCodeCacheSize                    = 251658240                              {pd product} {ergonomic}
     bool SegmentedCodeCache                       = true                                      {product} {ergonomic}
     bool UseCompressedClassPointers               = true                                 {lp64_product} {ergonomic}
     bool UseCompressedOops                        = true                                 {lp64_product} {ergonomic}
     bool UseG1GC                                  = true                                      {product} {ergonomic}
     bool UseLargePagesIndividualAllocation        = false                                  {pd product} {ergonomic}

Logging:
Log output configuration:
 #0: stdout all=warning uptime,level,tags
 #1: stderr all=off uptime,level,tags

Environment Variables:
JAVA_HOME=C:\Program Files\Java\jdk-12.0.1
PATH=C:\Program Files (x86)\Common Files\Oracle\Java\javapath;C:\Windows\system32;C:\Windows;C:\Windows\System32\Wbem;C:\Windows\System32\WindowsPowerShell\v1.0\;C:\Windows\System32\OpenSSH\;C:\Program Files\Microsoft VS Code\bin;C:\Program Files\dotnet\;C:\Program Files\Microsoft SQL Server\130\Tools\Binn\;C:\Program Files\Microsoft SQL Server\Client SDK\ODBC\170\Tools\Binn\;C:\Program Files\Git\cmd;C:\Program Files (x86)\Microsoft SQL Server\150\DTS\Binn\;C:\Program Files\Java\jdk-12.0.1\bin;C:\Users\AntonioWM\AppData\Local\Microsoft\WindowsApps;
USERNAME=AntonioWM
OS=Windows_NT
PROCESSOR_IDENTIFIER=Intel64 Family 6 Model 60 Stepping 3, GenuineIntel



---------------  S Y S T E M  ---------------

OS: Windows 10 , 64 bit Build 18362 (10.0.18362.86)

CPU:total 8 (initial active 8) (4 cores per cpu, 2 threads per core) family 6 model 60 stepping 3, cmov, cx8, fxsr, mmx, sse, sse2, sse3, ssse3, sse4.1, sse4.2, popcnt, avx, avx2, aes, clmul, erms, lzcnt, ht, tsc, tscinvbit, bmi1, bmi2, fma

Memory: 4k page, system-wide physical 8100M (3736M free)
TotalPageFile size 10020M (AvailPageFile size 3772M)
current process WorkingSet (physical memory assigned to process): 60M, peak: 70M
current process commit charge ("private bytes"): 219M, peak: 230M

vm_info: Java HotSpot(TM) 64-Bit Server VM (12.0.1+12) for windows-amd64 JRE (12.0.1+12), built on Apr  2 2019 14:02:19 by "mach5one" with MS VC++ 15.5 (VS2017)

END.
